[0.006s] Invoking command in '/home/zzy/quadruped_ros2_control/ros2_ws_classic/build/controller_common': CMAKE_PREFIX_PATH=/home/zzy/quadruped_ros2_control/ros2_ws_classic/install/control_input_msgs:/home/zzy/quadruped_ros2_control/ros2_ws_classic/install/unitree_guide_controller:/home/zzy/quadruped_ros2_control/ros2_ws_classic/install/leg_pd_controller:/home/zzy/quadruped_ros2_control/ros2_ws_classic/install/keyboard_input:/home/zzy/quadruped_ros2_control/ros2_ws_classic/install/go1_description:/home/zzy/quadruped_ros2_control/ros2_ws_classic/install/controller_common:/opt/ros/humble LD_LIBRARY_PATH=/home/zzy/quadruped_ros2_control/ros2_ws_classic/install/control_input_msgs/lib:/home/zzy/quadruped_ros2_control/ros2_ws_classic/install/unitree_guide_controller/lib:/home/zzy/quadruped_ros2_control/ros2_ws_classic/install/leg_pd_controller/lib:/home/zzy/quadruped_ros2_control/ros2_ws_classic/install/controller_common/lib:/usr/hyz/miniconda3/envs/zzy/lib/:/usr/lib/x86_64-linux-gnu:/usr/local/cuda/lib64:/home/zzy/miniconda3/envs/zzy/lib:/opt/ros/humble/opt/rviz_ogre_vendor/lib:/opt/ros/humble/lib/x86_64-linux-gnu:/opt/ros/humble/lib:/usr/hyz/miniconda3/envs/zzy/lib/:/usr/lib/x86_64-linux-gnu:/usr/local/cuda/lib64:/home/zzy/miniconda3/envs/zzy/lib:/home/.mujoco/mujoco210/bin:/home/.mujoco/mujoco210/bin /usr/bin/cmake /home/zzy/quadruped_ros2_control/ros2_ws_classic/src/controller_common -DAMENT_CMAKE_SYMLINK_INSTALL=1 -DCMAKE_INSTALL_PREFIX=/home/zzy/quadruped_ros2_control/ros2_ws_classic/install/controller_common
[0.040s] -- The C compiler identification is GNU 11.4.0
[0.074s] -- The CXX compiler identification is GNU 11.4.0
[0.078s] -- Detecting C compiler ABI info
[0.122s] -- Detecting C compiler ABI info - done
[0.126s] -- Check for working C compiler: /usr/bin/cc - skipped
[0.126s] -- Detecting C compile features
[0.126s] -- Detecting C compile features - done
[0.128s] -- Detecting CXX compiler ABI info
[0.178s] -- Detecting CXX compiler ABI info - done
[0.181s] -- Check for working CXX compiler: /usr/bin/c++ - skipped
[0.181s] -- Detecting CXX compile features
[0.181s] -- Detecting CXX compile features - done
[0.183s] -- Found ament_cmake: 1.3.12 (/opt/ros/humble/share/ament_cmake/cmake)
[0.280s] -- Found Python3: /usr/bin/python3 (found version "3.10.12") found components: Interpreter 
[0.313s] -- Override CMake install command with custom implementation using symlinks instead of copying resources
[0.327s] -- Found hardware_interface: 2.52.0 (/opt/ros/humble/share/hardware_interface/cmake)
[0.348s] -- Found rosidl_generator_c: 3.1.7 (/opt/ros/humble/share/rosidl_generator_c/cmake)
[0.350s] -- Found rosidl_adapter: 3.1.7 (/opt/ros/humble/share/rosidl_adapter/cmake)
[0.354s] -- Found rosidl_generator_cpp: 3.1.7 (/opt/ros/humble/share/rosidl_generator_cpp/cmake)
[0.360s] -- Using all available rosidl_typesupport_c: rosidl_typesupport_fastrtps_c;rosidl_typesupport_introspection_c
[0.367s] -- Using all available rosidl_typesupport_cpp: rosidl_typesupport_fastrtps_cpp;rosidl_typesupport_introspection_cpp
[0.460s] -- Found rmw_implementation_cmake: 6.1.2 (/opt/ros/humble/share/rmw_implementation_cmake/cmake)
[0.461s] -- Found rmw_fastrtps_cpp: 6.2.9 (/opt/ros/humble/share/rmw_fastrtps_cpp/cmake)
[0.472s] -- Found TinyXML2 via Config file: TinyXML2_DIR-NOTFOUND
[0.507s] -- Found OpenSSL: /usr/lib/x86_64-linux-gnu/libcrypto.so (found version "3.0.2")  
[0.509s] -- Found TinyXML2 via Config file: TinyXML2_DIR-NOTFOUND
[0.517s] -- Found FastRTPS: /opt/ros/humble/include  
[0.519s] -- Found TinyXML2 via Config file: TinyXML2_DIR-NOTFOUND
[0.524s] -- Found TinyXML2 via Config file: TinyXML2_DIR-NOTFOUND
[0.532s] -- Using RMW implementation 'rmw_fastrtps_cpp' as default
[0.538s] -- Looking for pthread.h
[0.586s] -- Looking for pthread.h - found
[0.586s] -- Performing Test CMAKE_HAVE_LIBC_PTHREAD
[0.630s] -- Performing Test CMAKE_HAVE_LIBC_PTHREAD - Success
[0.631s] -- Found Threads: TRUE  
[0.653s] -- Found control_input_msgs: 0.0.0 (/home/zzy/quadruped_ros2_control/ros2_ws_classic/install/control_input_msgs/share/control_input_msgs/cmake)
[0.692s] -- Configuring done
[0.698s] -- Generating done
[0.701s] -- Build files have been written to: /home/zzy/quadruped_ros2_control/ros2_ws_classic/build/controller_common
[0.706s] Invoked command in '/home/zzy/quadruped_ros2_control/ros2_ws_classic/build/controller_common' returned '0': CMAKE_PREFIX_PATH=/home/zzy/quadruped_ros2_control/ros2_ws_classic/install/control_input_msgs:/home/zzy/quadruped_ros2_control/ros2_ws_classic/install/unitree_guide_controller:/home/zzy/quadruped_ros2_control/ros2_ws_classic/install/leg_pd_controller:/home/zzy/quadruped_ros2_control/ros2_ws_classic/install/keyboard_input:/home/zzy/quadruped_ros2_control/ros2_ws_classic/install/go1_description:/home/zzy/quadruped_ros2_control/ros2_ws_classic/install/controller_common:/opt/ros/humble LD_LIBRARY_PATH=/home/zzy/quadruped_ros2_control/ros2_ws_classic/install/control_input_msgs/lib:/home/zzy/quadruped_ros2_control/ros2_ws_classic/install/unitree_guide_controller/lib:/home/zzy/quadruped_ros2_control/ros2_ws_classic/install/leg_pd_controller/lib:/home/zzy/quadruped_ros2_control/ros2_ws_classic/install/controller_common/lib:/usr/hyz/miniconda3/envs/zzy/lib/:/usr/lib/x86_64-linux-gnu:/usr/local/cuda/lib64:/home/zzy/miniconda3/envs/zzy/lib:/opt/ros/humble/opt/rviz_ogre_vendor/lib:/opt/ros/humble/lib/x86_64-linux-gnu:/opt/ros/humble/lib:/usr/hyz/miniconda3/envs/zzy/lib/:/usr/lib/x86_64-linux-gnu:/usr/local/cuda/lib64:/home/zzy/miniconda3/envs/zzy/lib:/home/.mujoco/mujoco210/bin:/home/.mujoco/mujoco210/bin /usr/bin/cmake /home/zzy/quadruped_ros2_control/ros2_ws_classic/src/controller_common -DAMENT_CMAKE_SYMLINK_INSTALL=1 -DCMAKE_INSTALL_PREFIX=/home/zzy/quadruped_ros2_control/ros2_ws_classic/install/controller_common
[0.707s] Invoking command in '/home/zzy/quadruped_ros2_control/ros2_ws_classic/build/controller_common': CMAKE_PREFIX_PATH=/home/zzy/quadruped_ros2_control/ros2_ws_classic/install/control_input_msgs:/home/zzy/quadruped_ros2_control/ros2_ws_classic/install/unitree_guide_controller:/home/zzy/quadruped_ros2_control/ros2_ws_classic/install/leg_pd_controller:/home/zzy/quadruped_ros2_control/ros2_ws_classic/install/keyboard_input:/home/zzy/quadruped_ros2_control/ros2_ws_classic/install/go1_description:/home/zzy/quadruped_ros2_control/ros2_ws_classic/install/controller_common:/opt/ros/humble LD_LIBRARY_PATH=/home/zzy/quadruped_ros2_control/ros2_ws_classic/install/control_input_msgs/lib:/home/zzy/quadruped_ros2_control/ros2_ws_classic/install/unitree_guide_controller/lib:/home/zzy/quadruped_ros2_control/ros2_ws_classic/install/leg_pd_controller/lib:/home/zzy/quadruped_ros2_control/ros2_ws_classic/install/controller_common/lib:/usr/hyz/miniconda3/envs/zzy/lib/:/usr/lib/x86_64-linux-gnu:/usr/local/cuda/lib64:/home/zzy/miniconda3/envs/zzy/lib:/opt/ros/humble/opt/rviz_ogre_vendor/lib:/opt/ros/humble/lib/x86_64-linux-gnu:/opt/ros/humble/lib:/usr/hyz/miniconda3/envs/zzy/lib/:/usr/lib/x86_64-linux-gnu:/usr/local/cuda/lib64:/home/zzy/miniconda3/envs/zzy/lib:/home/.mujoco/mujoco210/bin:/home/.mujoco/mujoco210/bin /usr/bin/cmake --build /home/zzy/quadruped_ros2_control/ros2_ws_classic/build/controller_common -- -j32 -l32
[0.737s] [ 50%] [32mBuilding CXX object CMakeFiles/controller_common.dir/src/FSM/BaseFixedStand.cpp.o[0m
[0.737s] [ 50%] [32mBuilding CXX object CMakeFiles/controller_common.dir/src/FSM/StateFixedDown.cpp.o[0m
[0.738s] [ 75%] [32mBuilding CXX object CMakeFiles/controller_common.dir/src/FSM/StatePassive.cpp.o[0m
[1.103s] [100%] [32m[1mLinking CXX shared library libcontroller_common.so[0m
[1.175s] [100%] Built target controller_common
[1.182s] Invoked command in '/home/zzy/quadruped_ros2_control/ros2_ws_classic/build/controller_common' returned '0': CMAKE_PREFIX_PATH=/home/zzy/quadruped_ros2_control/ros2_ws_classic/install/control_input_msgs:/home/zzy/quadruped_ros2_control/ros2_ws_classic/install/unitree_guide_controller:/home/zzy/quadruped_ros2_control/ros2_ws_classic/install/leg_pd_controller:/home/zzy/quadruped_ros2_control/ros2_ws_classic/install/keyboard_input:/home/zzy/quadruped_ros2_control/ros2_ws_classic/install/go1_description:/home/zzy/quadruped_ros2_control/ros2_ws_classic/install/controller_common:/opt/ros/humble LD_LIBRARY_PATH=/home/zzy/quadruped_ros2_control/ros2_ws_classic/install/control_input_msgs/lib:/home/zzy/quadruped_ros2_control/ros2_ws_classic/install/unitree_guide_controller/lib:/home/zzy/quadruped_ros2_control/ros2_ws_classic/install/leg_pd_controller/lib:/home/zzy/quadruped_ros2_control/ros2_ws_classic/install/controller_common/lib:/usr/hyz/miniconda3/envs/zzy/lib/:/usr/lib/x86_64-linux-gnu:/usr/local/cuda/lib64:/home/zzy/miniconda3/envs/zzy/lib:/opt/ros/humble/opt/rviz_ogre_vendor/lib:/opt/ros/humble/lib/x86_64-linux-gnu:/opt/ros/humble/lib:/usr/hyz/miniconda3/envs/zzy/lib/:/usr/lib/x86_64-linux-gnu:/usr/local/cuda/lib64:/home/zzy/miniconda3/envs/zzy/lib:/home/.mujoco/mujoco210/bin:/home/.mujoco/mujoco210/bin /usr/bin/cmake --build /home/zzy/quadruped_ros2_control/ros2_ws_classic/build/controller_common -- -j32 -l32
[1.184s] Invoking command in '/home/zzy/quadruped_ros2_control/ros2_ws_classic/build/controller_common': CMAKE_PREFIX_PATH=/home/zzy/quadruped_ros2_control/ros2_ws_classic/install/control_input_msgs:/home/zzy/quadruped_ros2_control/ros2_ws_classic/install/unitree_guide_controller:/home/zzy/quadruped_ros2_control/ros2_ws_classic/install/leg_pd_controller:/home/zzy/quadruped_ros2_control/ros2_ws_classic/install/keyboard_input:/home/zzy/quadruped_ros2_control/ros2_ws_classic/install/go1_description:/home/zzy/quadruped_ros2_control/ros2_ws_classic/install/controller_common:/opt/ros/humble LD_LIBRARY_PATH=/home/zzy/quadruped_ros2_control/ros2_ws_classic/install/control_input_msgs/lib:/home/zzy/quadruped_ros2_control/ros2_ws_classic/install/unitree_guide_controller/lib:/home/zzy/quadruped_ros2_control/ros2_ws_classic/install/leg_pd_controller/lib:/home/zzy/quadruped_ros2_control/ros2_ws_classic/install/controller_common/lib:/usr/hyz/miniconda3/envs/zzy/lib/:/usr/lib/x86_64-linux-gnu:/usr/local/cuda/lib64:/home/zzy/miniconda3/envs/zzy/lib:/opt/ros/humble/opt/rviz_ogre_vendor/lib:/opt/ros/humble/lib/x86_64-linux-gnu:/opt/ros/humble/lib:/usr/hyz/miniconda3/envs/zzy/lib/:/usr/lib/x86_64-linux-gnu:/usr/local/cuda/lib64:/home/zzy/miniconda3/envs/zzy/lib:/home/.mujoco/mujoco210/bin:/home/.mujoco/mujoco210/bin /usr/bin/cmake --install /home/zzy/quadruped_ros2_control/ros2_ws_classic/build/controller_common
[1.188s] -- Install configuration: "Release"
[1.189s] -- Execute custom install script
[1.189s] -- Symlinking: /home/zzy/quadruped_ros2_control/ros2_ws_classic/install/controller_common/include/controller_common/controller_common/CtrlInterfaces.h
[1.194s] -- Symlinking: /home/zzy/quadruped_ros2_control/ros2_ws_classic/install/controller_common/include/controller_common/controller_common/FSM/BaseFixedStand.h
[1.199s] -- Symlinking: /home/zzy/quadruped_ros2_control/ros2_ws_classic/install/controller_common/include/controller_common/controller_common/FSM/FSMState.h
[1.202s] -- Symlinking: /home/zzy/quadruped_ros2_control/ros2_ws_classic/install/controller_common/include/controller_common/controller_common/FSM/StateFixedDown.h
[1.207s] -- Symlinking: /home/zzy/quadruped_ros2_control/ros2_ws_classic/install/controller_common/include/controller_common/controller_common/FSM/StatePassive.h
[1.211s] -- Symlinking: /home/zzy/quadruped_ros2_control/ros2_ws_classic/install/controller_common/include/controller_common/controller_common/common/enumClass.h
[1.216s] -- Symlinking: /home/zzy/quadruped_ros2_control/ros2_ws_classic/install/controller_common/include/controller_common/controller_common/common/mathTools.h
[1.222s] -- Symlinking: /home/zzy/quadruped_ros2_control/ros2_ws_classic/install/controller_common/include/controller_common/controller_common/common/mathTypes.h
[1.226s] -- Symlinking: /home/zzy/quadruped_ros2_control/ros2_ws_classic/install/controller_common/share/controller_common/environment/library_path.sh
[1.231s] -- Symlinking: /home/zzy/quadruped_ros2_control/ros2_ws_classic/install/controller_common/share/controller_common/environment/library_path.dsv
[1.237s] -- Symlinking: /home/zzy/quadruped_ros2_control/ros2_ws_classic/install/controller_common/share/ament_index/resource_index/package_run_dependencies/controller_common
[1.242s] -- Symlinking: /home/zzy/quadruped_ros2_control/ros2_ws_classic/install/controller_common/share/ament_index/resource_index/parent_prefix_path/controller_common
[1.247s] -- Symlinking: /home/zzy/quadruped_ros2_control/ros2_ws_classic/install/controller_common/share/controller_common/environment/ament_prefix_path.sh
[1.252s] -- Symlinking: /home/zzy/quadruped_ros2_control/ros2_ws_classic/install/controller_common/share/controller_common/environment/ament_prefix_path.dsv
[1.257s] -- Symlinking: /home/zzy/quadruped_ros2_control/ros2_ws_classic/install/controller_common/share/controller_common/environment/path.sh
[1.261s] -- Symlinking: /home/zzy/quadruped_ros2_control/ros2_ws_classic/install/controller_common/share/controller_common/environment/path.dsv
[1.266s] -- Symlinking: /home/zzy/quadruped_ros2_control/ros2_ws_classic/install/controller_common/share/controller_common/local_setup.bash
[1.270s] -- Symlinking: /home/zzy/quadruped_ros2_control/ros2_ws_classic/install/controller_common/share/controller_common/local_setup.sh
[1.276s] -- Symlinking: /home/zzy/quadruped_ros2_control/ros2_ws_classic/install/controller_common/share/controller_common/local_setup.zsh
[1.280s] -- Symlinking: /home/zzy/quadruped_ros2_control/ros2_ws_classic/install/controller_common/share/controller_common/local_setup.dsv
[1.286s] -- Symlinking: /home/zzy/quadruped_ros2_control/ros2_ws_classic/install/controller_common/share/controller_common/package.dsv
[1.290s] -- Symlinking: /home/zzy/quadruped_ros2_control/ros2_ws_classic/install/controller_common/share/ament_index/resource_index/packages/controller_common
[1.295s] -- Symlinking: /home/zzy/quadruped_ros2_control/ros2_ws_classic/install/controller_common/share/controller_common/cmake/ament_cmake_export_targets-extras.cmake
[1.299s] -- Symlinking: /home/zzy/quadruped_ros2_control/ros2_ws_classic/install/controller_common/share/controller_common/cmake/controller_commonConfig.cmake
[1.305s] -- Symlinking: /home/zzy/quadruped_ros2_control/ros2_ws_classic/install/controller_common/share/controller_common/cmake/controller_commonConfig-version.cmake
[1.310s] -- Symlinking: /home/zzy/quadruped_ros2_control/ros2_ws_classic/install/controller_common/share/controller_common/package.xml
[1.316s] -- Installing: /home/zzy/quadruped_ros2_control/ros2_ws_classic/install/controller_common/lib/libcontroller_common.so
[1.316s] -- Set runtime path of "/home/zzy/quadruped_ros2_control/ros2_ws_classic/install/controller_common/lib/libcontroller_common.so" to ""
[1.316s] -- Installing: /home/zzy/quadruped_ros2_control/ros2_ws_classic/install/controller_common/share/controller_common/cmake/export_controller_commonExport.cmake
[1.316s] -- Installing: /home/zzy/quadruped_ros2_control/ros2_ws_classic/install/controller_common/share/controller_common/cmake/export_controller_commonExport-release.cmake
[1.318s] Invoked command in '/home/zzy/quadruped_ros2_control/ros2_ws_classic/build/controller_common' returned '0': CMAKE_PREFIX_PATH=/home/zzy/quadruped_ros2_control/ros2_ws_classic/install/control_input_msgs:/home/zzy/quadruped_ros2_control/ros2_ws_classic/install/unitree_guide_controller:/home/zzy/quadruped_ros2_control/ros2_ws_classic/install/leg_pd_controller:/home/zzy/quadruped_ros2_control/ros2_ws_classic/install/keyboard_input:/home/zzy/quadruped_ros2_control/ros2_ws_classic/install/go1_description:/home/zzy/quadruped_ros2_control/ros2_ws_classic/install/controller_common:/opt/ros/humble LD_LIBRARY_PATH=/home/zzy/quadruped_ros2_control/ros2_ws_classic/install/control_input_msgs/lib:/home/zzy/quadruped_ros2_control/ros2_ws_classic/install/unitree_guide_controller/lib:/home/zzy/quadruped_ros2_control/ros2_ws_classic/install/leg_pd_controller/lib:/home/zzy/quadruped_ros2_control/ros2_ws_classic/install/controller_common/lib:/usr/hyz/miniconda3/envs/zzy/lib/:/usr/lib/x86_64-linux-gnu:/usr/local/cuda/lib64:/home/zzy/miniconda3/envs/zzy/lib:/opt/ros/humble/opt/rviz_ogre_vendor/lib:/opt/ros/humble/lib/x86_64-linux-gnu:/opt/ros/humble/lib:/usr/hyz/miniconda3/envs/zzy/lib/:/usr/lib/x86_64-linux-gnu:/usr/local/cuda/lib64:/home/zzy/miniconda3/envs/zzy/lib:/home/.mujoco/mujoco210/bin:/home/.mujoco/mujoco210/bin /usr/bin/cmake --install /home/zzy/quadruped_ros2_control/ros2_ws_classic/build/controller_common
