[0.006s] Invoking command in '/home/zzy/quadruped_ros2_control/ros2_ws_classic/build/keyboard_input': CMAKE_PREFIX_PATH=/home/zzy/quadruped_ros2_control/ros2_ws_classic/install/control_input_msgs:/home/zzy/quadruped_ros2_control/ros2_ws_classic/install/unitree_guide_controller:/home/zzy/quadruped_ros2_control/ros2_ws_classic/install/leg_pd_controller:/home/zzy/quadruped_ros2_control/ros2_ws_classic/install/keyboard_input:/home/zzy/quadruped_ros2_control/ros2_ws_classic/install/go1_description:/home/zzy/quadruped_ros2_control/ros2_ws_classic/install/controller_common:/opt/ros/humble LD_LIBRARY_PATH=/home/zzy/quadruped_ros2_control/ros2_ws_classic/install/control_input_msgs/lib:/home/zzy/quadruped_ros2_control/ros2_ws_classic/install/unitree_guide_controller/lib:/home/zzy/quadruped_ros2_control/ros2_ws_classic/install/leg_pd_controller/lib:/home/zzy/quadruped_ros2_control/ros2_ws_classic/install/controller_common/lib:/usr/hyz/miniconda3/envs/zzy/lib/:/usr/lib/x86_64-linux-gnu:/usr/local/cuda/lib64:/home/zzy/miniconda3/envs/zzy/lib:/opt/ros/humble/opt/rviz_ogre_vendor/lib:/opt/ros/humble/lib/x86_64-linux-gnu:/opt/ros/humble/lib:/usr/hyz/miniconda3/envs/zzy/lib/:/usr/lib/x86_64-linux-gnu:/usr/local/cuda/lib64:/home/zzy/miniconda3/envs/zzy/lib:/home/.mujoco/mujoco210/bin:/home/.mujoco/mujoco210/bin /usr/bin/cmake /home/zzy/quadruped_ros2_control/ros2_ws_classic/src/keyboard_input -DAMENT_CMAKE_SYMLINK_INSTALL=1 -DCMAKE_INSTALL_PREFIX=/home/zzy/quadruped_ros2_control/ros2_ws_classic/install/keyboard_input
[0.040s] -- The C compiler identification is GNU 11.4.0
[0.072s] -- The CXX compiler identification is GNU 11.4.0
[0.075s] -- Detecting C compiler ABI info
[0.118s] -- Detecting C compiler ABI info - done
[0.123s] -- Check for working C compiler: /usr/bin/cc - skipped
[0.123s] -- Detecting C compile features
[0.123s] -- Detecting C compile features - done
[0.124s] -- Detecting CXX compiler ABI info
[0.177s] -- Detecting CXX compiler ABI info - done
[0.181s] -- Check for working CXX compiler: /usr/bin/c++ - skipped
[0.181s] -- Detecting CXX compile features
[0.181s] -- Detecting CXX compile features - done
[0.183s] -- Found ament_cmake: 1.3.12 (/opt/ros/humble/share/ament_cmake/cmake)
[0.278s] -- Found Python3: /usr/bin/python3 (found version "3.10.12") found components: Interpreter 
[0.314s] -- Override CMake install command with custom implementation using symlinks instead of copying resources
[0.328s] -- Found rclcpp: 16.0.15 (/opt/ros/humble/share/rclcpp/cmake)
[0.355s] -- Found rosidl_generator_c: 3.1.7 (/opt/ros/humble/share/rosidl_generator_c/cmake)
[0.357s] -- Found rosidl_adapter: 3.1.7 (/opt/ros/humble/share/rosidl_adapter/cmake)
[0.360s] -- Found rosidl_generator_cpp: 3.1.7 (/opt/ros/humble/share/rosidl_generator_cpp/cmake)
[0.366s] -- Using all available rosidl_typesupport_c: rosidl_typesupport_fastrtps_c;rosidl_typesupport_introspection_c
[0.373s] -- Using all available rosidl_typesupport_cpp: rosidl_typesupport_fastrtps_cpp;rosidl_typesupport_introspection_cpp
[0.393s] -- Found rmw_implementation_cmake: 6.1.2 (/opt/ros/humble/share/rmw_implementation_cmake/cmake)
[0.394s] -- Found rmw_fastrtps_cpp: 6.2.9 (/opt/ros/humble/share/rmw_fastrtps_cpp/cmake)
[0.444s] -- Found OpenSSL: /usr/lib/x86_64-linux-gnu/libcrypto.so (found version "3.0.2")  
[0.461s] -- Found FastRTPS: /opt/ros/humble/include  
[0.488s] -- Using RMW implementation 'rmw_fastrtps_cpp' as default
[0.494s] -- Looking for pthread.h
[0.541s] -- Looking for pthread.h - found
[0.541s] -- Performing Test CMAKE_HAVE_LIBC_PTHREAD
[0.585s] -- Performing Test CMAKE_HAVE_LIBC_PTHREAD - Success
[0.586s] -- Found Threads: TRUE  
[0.618s] -- Found control_input_msgs: 0.0.0 (/home/zzy/quadruped_ros2_control/ros2_ws_classic/install/control_input_msgs/share/control_input_msgs/cmake)
[0.655s] -- Configuring done
[0.659s] -- Generating done
[0.660s] -- Build files have been written to: /home/zzy/quadruped_ros2_control/ros2_ws_classic/build/keyboard_input
[0.665s] Invoked command in '/home/zzy/quadruped_ros2_control/ros2_ws_classic/build/keyboard_input' returned '0': CMAKE_PREFIX_PATH=/home/zzy/quadruped_ros2_control/ros2_ws_classic/install/control_input_msgs:/home/zzy/quadruped_ros2_control/ros2_ws_classic/install/unitree_guide_controller:/home/zzy/quadruped_ros2_control/ros2_ws_classic/install/leg_pd_controller:/home/zzy/quadruped_ros2_control/ros2_ws_classic/install/keyboard_input:/home/zzy/quadruped_ros2_control/ros2_ws_classic/install/go1_description:/home/zzy/quadruped_ros2_control/ros2_ws_classic/install/controller_common:/opt/ros/humble LD_LIBRARY_PATH=/home/zzy/quadruped_ros2_control/ros2_ws_classic/install/control_input_msgs/lib:/home/zzy/quadruped_ros2_control/ros2_ws_classic/install/unitree_guide_controller/lib:/home/zzy/quadruped_ros2_control/ros2_ws_classic/install/leg_pd_controller/lib:/home/zzy/quadruped_ros2_control/ros2_ws_classic/install/controller_common/lib:/usr/hyz/miniconda3/envs/zzy/lib/:/usr/lib/x86_64-linux-gnu:/usr/local/cuda/lib64:/home/zzy/miniconda3/envs/zzy/lib:/opt/ros/humble/opt/rviz_ogre_vendor/lib:/opt/ros/humble/lib/x86_64-linux-gnu:/opt/ros/humble/lib:/usr/hyz/miniconda3/envs/zzy/lib/:/usr/lib/x86_64-linux-gnu:/usr/local/cuda/lib64:/home/zzy/miniconda3/envs/zzy/lib:/home/.mujoco/mujoco210/bin:/home/.mujoco/mujoco210/bin /usr/bin/cmake /home/zzy/quadruped_ros2_control/ros2_ws_classic/src/keyboard_input -DAMENT_CMAKE_SYMLINK_INSTALL=1 -DCMAKE_INSTALL_PREFIX=/home/zzy/quadruped_ros2_control/ros2_ws_classic/install/keyboard_input
[0.666s] Invoking command in '/home/zzy/quadruped_ros2_control/ros2_ws_classic/build/keyboard_input': CMAKE_PREFIX_PATH=/home/zzy/quadruped_ros2_control/ros2_ws_classic/install/control_input_msgs:/home/zzy/quadruped_ros2_control/ros2_ws_classic/install/unitree_guide_controller:/home/zzy/quadruped_ros2_control/ros2_ws_classic/install/leg_pd_controller:/home/zzy/quadruped_ros2_control/ros2_ws_classic/install/keyboard_input:/home/zzy/quadruped_ros2_control/ros2_ws_classic/install/go1_description:/home/zzy/quadruped_ros2_control/ros2_ws_classic/install/controller_common:/opt/ros/humble LD_LIBRARY_PATH=/home/zzy/quadruped_ros2_control/ros2_ws_classic/install/control_input_msgs/lib:/home/zzy/quadruped_ros2_control/ros2_ws_classic/install/unitree_guide_controller/lib:/home/zzy/quadruped_ros2_control/ros2_ws_classic/install/leg_pd_controller/lib:/home/zzy/quadruped_ros2_control/ros2_ws_classic/install/controller_common/lib:/usr/hyz/miniconda3/envs/zzy/lib/:/usr/lib/x86_64-linux-gnu:/usr/local/cuda/lib64:/home/zzy/miniconda3/envs/zzy/lib:/opt/ros/humble/opt/rviz_ogre_vendor/lib:/opt/ros/humble/lib/x86_64-linux-gnu:/opt/ros/humble/lib:/usr/hyz/miniconda3/envs/zzy/lib/:/usr/lib/x86_64-linux-gnu:/usr/local/cuda/lib64:/home/zzy/miniconda3/envs/zzy/lib:/home/.mujoco/mujoco210/bin:/home/.mujoco/mujoco210/bin /usr/bin/cmake --build /home/zzy/quadruped_ros2_control/ros2_ws_classic/build/keyboard_input -- -j32 -l32
[0.696s] [ 50%] [32mBuilding CXX object CMakeFiles/keyboard_input.dir/src/KeyboardInput.cpp.o[0m
[2.732s] [100%] [32m[1mLinking CXX executable keyboard_input[0m
[2.840s] [100%] Built target keyboard_input
[2.849s] Invoked command in '/home/zzy/quadruped_ros2_control/ros2_ws_classic/build/keyboard_input' returned '0': CMAKE_PREFIX_PATH=/home/zzy/quadruped_ros2_control/ros2_ws_classic/install/control_input_msgs:/home/zzy/quadruped_ros2_control/ros2_ws_classic/install/unitree_guide_controller:/home/zzy/quadruped_ros2_control/ros2_ws_classic/install/leg_pd_controller:/home/zzy/quadruped_ros2_control/ros2_ws_classic/install/keyboard_input:/home/zzy/quadruped_ros2_control/ros2_ws_classic/install/go1_description:/home/zzy/quadruped_ros2_control/ros2_ws_classic/install/controller_common:/opt/ros/humble LD_LIBRARY_PATH=/home/zzy/quadruped_ros2_control/ros2_ws_classic/install/control_input_msgs/lib:/home/zzy/quadruped_ros2_control/ros2_ws_classic/install/unitree_guide_controller/lib:/home/zzy/quadruped_ros2_control/ros2_ws_classic/install/leg_pd_controller/lib:/home/zzy/quadruped_ros2_control/ros2_ws_classic/install/controller_common/lib:/usr/hyz/miniconda3/envs/zzy/lib/:/usr/lib/x86_64-linux-gnu:/usr/local/cuda/lib64:/home/zzy/miniconda3/envs/zzy/lib:/opt/ros/humble/opt/rviz_ogre_vendor/lib:/opt/ros/humble/lib/x86_64-linux-gnu:/opt/ros/humble/lib:/usr/hyz/miniconda3/envs/zzy/lib/:/usr/lib/x86_64-linux-gnu:/usr/local/cuda/lib64:/home/zzy/miniconda3/envs/zzy/lib:/home/.mujoco/mujoco210/bin:/home/.mujoco/mujoco210/bin /usr/bin/cmake --build /home/zzy/quadruped_ros2_control/ros2_ws_classic/build/keyboard_input -- -j32 -l32
[2.851s] Invoking command in '/home/zzy/quadruped_ros2_control/ros2_ws_classic/build/keyboard_input': CMAKE_PREFIX_PATH=/home/zzy/quadruped_ros2_control/ros2_ws_classic/install/control_input_msgs:/home/zzy/quadruped_ros2_control/ros2_ws_classic/install/unitree_guide_controller:/home/zzy/quadruped_ros2_control/ros2_ws_classic/install/leg_pd_controller:/home/zzy/quadruped_ros2_control/ros2_ws_classic/install/keyboard_input:/home/zzy/quadruped_ros2_control/ros2_ws_classic/install/go1_description:/home/zzy/quadruped_ros2_control/ros2_ws_classic/install/controller_common:/opt/ros/humble LD_LIBRARY_PATH=/home/zzy/quadruped_ros2_control/ros2_ws_classic/install/control_input_msgs/lib:/home/zzy/quadruped_ros2_control/ros2_ws_classic/install/unitree_guide_controller/lib:/home/zzy/quadruped_ros2_control/ros2_ws_classic/install/leg_pd_controller/lib:/home/zzy/quadruped_ros2_control/ros2_ws_classic/install/controller_common/lib:/usr/hyz/miniconda3/envs/zzy/lib/:/usr/lib/x86_64-linux-gnu:/usr/local/cuda/lib64:/home/zzy/miniconda3/envs/zzy/lib:/opt/ros/humble/opt/rviz_ogre_vendor/lib:/opt/ros/humble/lib/x86_64-linux-gnu:/opt/ros/humble/lib:/usr/hyz/miniconda3/envs/zzy/lib/:/usr/lib/x86_64-linux-gnu:/usr/local/cuda/lib64:/home/zzy/miniconda3/envs/zzy/lib:/home/.mujoco/mujoco210/bin:/home/.mujoco/mujoco210/bin /usr/bin/cmake --install /home/zzy/quadruped_ros2_control/ros2_ws_classic/build/keyboard_input
[2.857s] -- Install configuration: ""
[2.858s] -- Execute custom install script
[2.858s] -- Symlinking: /home/zzy/quadruped_ros2_control/ros2_ws_classic/install/keyboard_input/lib/keyboard_input/keyboard_input
[2.865s] -- Symlinking: /home/zzy/quadruped_ros2_control/ros2_ws_classic/install/keyboard_input/share/ament_index/resource_index/package_run_dependencies/keyboard_input
[2.872s] -- Symlinking: /home/zzy/quadruped_ros2_control/ros2_ws_classic/install/keyboard_input/share/ament_index/resource_index/parent_prefix_path/keyboard_input
[2.880s] -- Symlinking: /home/zzy/quadruped_ros2_control/ros2_ws_classic/install/keyboard_input/share/keyboard_input/environment/ament_prefix_path.sh
[2.887s] -- Symlinking: /home/zzy/quadruped_ros2_control/ros2_ws_classic/install/keyboard_input/share/keyboard_input/environment/ament_prefix_path.dsv
[2.895s] -- Symlinking: /home/zzy/quadruped_ros2_control/ros2_ws_classic/install/keyboard_input/share/keyboard_input/environment/path.sh
[2.902s] -- Symlinking: /home/zzy/quadruped_ros2_control/ros2_ws_classic/install/keyboard_input/share/keyboard_input/environment/path.dsv
[2.909s] -- Symlinking: /home/zzy/quadruped_ros2_control/ros2_ws_classic/install/keyboard_input/share/keyboard_input/local_setup.bash
[2.916s] -- Symlinking: /home/zzy/quadruped_ros2_control/ros2_ws_classic/install/keyboard_input/share/keyboard_input/local_setup.sh
[2.924s] -- Symlinking: /home/zzy/quadruped_ros2_control/ros2_ws_classic/install/keyboard_input/share/keyboard_input/local_setup.zsh
[2.932s] -- Symlinking: /home/zzy/quadruped_ros2_control/ros2_ws_classic/install/keyboard_input/share/keyboard_input/local_setup.dsv
[2.939s] -- Symlinking: /home/zzy/quadruped_ros2_control/ros2_ws_classic/install/keyboard_input/share/keyboard_input/package.dsv
[2.947s] -- Symlinking: /home/zzy/quadruped_ros2_control/ros2_ws_classic/install/keyboard_input/share/ament_index/resource_index/packages/keyboard_input
[2.955s] -- Symlinking: /home/zzy/quadruped_ros2_control/ros2_ws_classic/install/keyboard_input/share/keyboard_input/cmake/keyboard_inputConfig.cmake
[2.962s] -- Symlinking: /home/zzy/quadruped_ros2_control/ros2_ws_classic/install/keyboard_input/share/keyboard_input/cmake/keyboard_inputConfig-version.cmake
[2.970s] -- Symlinking: /home/zzy/quadruped_ros2_control/ros2_ws_classic/install/keyboard_input/share/keyboard_input/package.xml
[2.979s] Invoked command in '/home/zzy/quadruped_ros2_control/ros2_ws_classic/build/keyboard_input' returned '0': CMAKE_PREFIX_PATH=/home/zzy/quadruped_ros2_control/ros2_ws_classic/install/control_input_msgs:/home/zzy/quadruped_ros2_control/ros2_ws_classic/install/unitree_guide_controller:/home/zzy/quadruped_ros2_control/ros2_ws_classic/install/leg_pd_controller:/home/zzy/quadruped_ros2_control/ros2_ws_classic/install/keyboard_input:/home/zzy/quadruped_ros2_control/ros2_ws_classic/install/go1_description:/home/zzy/quadruped_ros2_control/ros2_ws_classic/install/controller_common:/opt/ros/humble LD_LIBRARY_PATH=/home/zzy/quadruped_ros2_control/ros2_ws_classic/install/control_input_msgs/lib:/home/zzy/quadruped_ros2_control/ros2_ws_classic/install/unitree_guide_controller/lib:/home/zzy/quadruped_ros2_control/ros2_ws_classic/install/leg_pd_controller/lib:/home/zzy/quadruped_ros2_control/ros2_ws_classic/install/controller_common/lib:/usr/hyz/miniconda3/envs/zzy/lib/:/usr/lib/x86_64-linux-gnu:/usr/local/cuda/lib64:/home/zzy/miniconda3/envs/zzy/lib:/opt/ros/humble/opt/rviz_ogre_vendor/lib:/opt/ros/humble/lib/x86_64-linux-gnu:/opt/ros/humble/lib:/usr/hyz/miniconda3/envs/zzy/lib/:/usr/lib/x86_64-linux-gnu:/usr/local/cuda/lib64:/home/zzy/miniconda3/envs/zzy/lib:/home/.mujoco/mujoco210/bin:/home/.mujoco/mujoco210/bin /usr/bin/cmake --install /home/zzy/quadruped_ros2_control/ros2_ws_classic/build/keyboard_input
