[0.007s] Invoking command in '/home/zzy/quadruped_ros2_control/ros2_ws_classic/build/leg_pd_controller': CMAKE_PREFIX_PATH=${CMAKE_PREFIX_PATH}:/opt/ros/humble /usr/bin/cmake /home/zzy/quadruped_ros2_control/ros2_ws_classic/src/leg_pd_controller -DAMENT_CMAKE_SYMLINK_INSTALL=1 -DCMAKE_INSTALL_PREFIX=/home/zzy/quadruped_ros2_control/ros2_ws_classic/install/leg_pd_controller
[0.037s] -- The C compiler identification is GNU 11.4.0
[0.070s] -- The CXX compiler identification is GNU 11.4.0
[0.075s] -- Detecting C compiler ABI info
[0.116s] -- Detecting C compiler ABI info - done
[0.121s] -- Check for working C compiler: /usr/bin/cc - skipped
[0.121s] -- Detecting C compile features
[0.121s] -- Detecting C compile features - done
[0.123s] -- Detecting CXX compiler ABI info
[0.171s] -- Detecting CXX compiler ABI info - done
[0.177s] -- Check for working CXX compiler: /usr/bin/c++ - skipped
[0.177s] -- Detecting CXX compile features
[0.178s] -- Detecting CXX compile features - done
[0.179s] -- Found ament_cmake: 1.3.12 (/opt/ros/humble/share/ament_cmake/cmake)
[0.273s] -- Found Python3: /usr/bin/python3 (found version "3.10.12") found components: Interpreter 
[0.306s] -- Override CMake install command with custom implementation using symlinks instead of copying resources
[0.317s] -- Found pluginlib: 5.1.2 (/opt/ros/humble/share/pluginlib/cmake)
[0.340s] -- Found controller_interface: 2.52.0 (/opt/ros/humble/share/controller_interface/cmake)
[0.355s] -- Found rosidl_generator_c: 3.1.7 (/opt/ros/humble/share/rosidl_generator_c/cmake)
[0.357s] -- Found rosidl_adapter: 3.1.7 (/opt/ros/humble/share/rosidl_adapter/cmake)
[0.361s] -- Found rosidl_generator_cpp: 3.1.7 (/opt/ros/humble/share/rosidl_generator_cpp/cmake)
[0.367s] -- Using all available rosidl_typesupport_c: rosidl_typesupport_fastrtps_c;rosidl_typesupport_introspection_c
[0.374s] -- Using all available rosidl_typesupport_cpp: rosidl_typesupport_fastrtps_cpp;rosidl_typesupport_introspection_cpp
[0.451s] -- Found rmw_implementation_cmake: 6.1.2 (/opt/ros/humble/share/rmw_implementation_cmake/cmake)
[0.452s] -- Found rmw_fastrtps_cpp: 6.2.9 (/opt/ros/humble/share/rmw_fastrtps_cpp/cmake)
[0.463s] -- Found TinyXML2 via Config file: TinyXML2_DIR-NOTFOUND
[0.499s] -- Found OpenSSL: /usr/lib/x86_64-linux-gnu/libcrypto.so (found version "3.0.2")  
[0.500s] -- Found TinyXML2 via Config file: TinyXML2_DIR-NOTFOUND
[0.508s] -- Found FastRTPS: /opt/ros/humble/include  
[0.509s] -- Found TinyXML2 via Config file: TinyXML2_DIR-NOTFOUND
[0.515s] -- Found TinyXML2 via Config file: TinyXML2_DIR-NOTFOUND
[0.523s] -- Using RMW implementation 'rmw_fastrtps_cpp' as default
[0.526s] -- Looking for pthread.h
[0.569s] -- Looking for pthread.h - found
[0.569s] -- Performing Test CMAKE_HAVE_LIBC_PTHREAD
[0.614s] -- Performing Test CMAKE_HAVE_LIBC_PTHREAD - Success
[0.615s] -- Found Threads: TRUE  
[0.636s] -- Found realtime_tools: 2.14.1 (/opt/ros/humble/share/realtime_tools/cmake)
[0.643s] -- Found controller_manager: 2.52.0 (/opt/ros/humble/share/controller_manager/cmake)
[0.651s] -- ros2_control version below 3.0.0. Change the implementation to support ros2_control version 2.
[0.653s] -- Found ament_lint_auto: 0.12.14 (/opt/ros/humble/share/ament_lint_auto/cmake)
[0.693s] -- Added test 'cppcheck' to perform static code analysis on C / C++ code
[0.693s] -- Configured cppcheck include dirs: $<BUILD_INTERFACE:/home/zzy/quadruped_ros2_control/ros2_ws_classic/src/leg_pd_controller/include>
[0.693s] -- Configured cppcheck exclude dirs and/or files: 
[0.693s] -- Added test 'lint_cmake' to check CMake code style
[0.693s] -- Added test 'uncrustify' to check C / C++ code style
[0.693s] -- Configured uncrustify additional arguments: 
[0.693s] -- Added test 'xmllint' to check XML markup files
[0.694s] -- Configuring done
[0.700s] -- Generating done
[0.702s] -- Build files have been written to: /home/zzy/quadruped_ros2_control/ros2_ws_classic/build/leg_pd_controller
[0.709s] Invoked command in '/home/zzy/quadruped_ros2_control/ros2_ws_classic/build/leg_pd_controller' returned '0': CMAKE_PREFIX_PATH=${CMAKE_PREFIX_PATH}:/opt/ros/humble /usr/bin/cmake /home/zzy/quadruped_ros2_control/ros2_ws_classic/src/leg_pd_controller -DAMENT_CMAKE_SYMLINK_INSTALL=1 -DCMAKE_INSTALL_PREFIX=/home/zzy/quadruped_ros2_control/ros2_ws_classic/install/leg_pd_controller
[0.709s] Invoking command in '/home/zzy/quadruped_ros2_control/ros2_ws_classic/build/leg_pd_controller': CMAKE_PREFIX_PATH=${CMAKE_PREFIX_PATH}:/opt/ros/humble /usr/bin/cmake --build /home/zzy/quadruped_ros2_control/ros2_ws_classic/build/leg_pd_controller -- -j32 -l32
[0.739s] [ 50%] [32mBuilding CXX object CMakeFiles/leg_pd_controller.dir/src/LegPdController.cpp.o[0m
[1.812s] In file included from [01m[K/home/zzy/quadruped_ros2_control/ros2_ws_classic/src/leg_pd_controller/include/leg_pd_controller/LegPdController.h:8[m[K,
[1.812s]                  from [01m[K/home/zzy/quadruped_ros2_control/ros2_ws_classic/src/leg_pd_controller/src/LegPdController.cpp:5[m[K:
[1.812s] [01m[K/opt/ros/humble/include/realtime_tools/realtime_tools/realtime_buffer.h:22:100:[m[K [01;36m[Knote: [m[K‘[01m[K#pragma message: This header include is deprecated. Please update your code to use 'realtime_buffer.hpp' header.[m[K’
[1.812s]    22 | de is deprecated. Please update your code to use 'realtime_buffer.hpp' header."[01;36m[K)[m[K  //NOLINT
[1.812s]       |                                                                                [01;36m[K^[m[K
[1.812s] 
[2.552s] [100%] [32m[1mLinking CXX shared library libleg_pd_controller.so[0m
[2.612s] [100%] Built target leg_pd_controller
[2.619s] Invoked command in '/home/zzy/quadruped_ros2_control/ros2_ws_classic/build/leg_pd_controller' returned '0': CMAKE_PREFIX_PATH=${CMAKE_PREFIX_PATH}:/opt/ros/humble /usr/bin/cmake --build /home/zzy/quadruped_ros2_control/ros2_ws_classic/build/leg_pd_controller -- -j32 -l32
[2.620s] Invoking command in '/home/zzy/quadruped_ros2_control/ros2_ws_classic/build/leg_pd_controller': CMAKE_PREFIX_PATH=${CMAKE_PREFIX_PATH}:/opt/ros/humble /usr/bin/cmake --install /home/zzy/quadruped_ros2_control/ros2_ws_classic/build/leg_pd_controller
[2.626s] -- Install configuration: "Release"
[2.626s] -- Execute custom install script
[2.626s] -- Symlinking: /home/zzy/quadruped_ros2_control/ros2_ws_classic/install/leg_pd_controller/share/leg_pd_controller//leg_pd_controller.xml
[2.631s] -- Symlinking: /home/zzy/quadruped_ros2_control/ros2_ws_classic/install/leg_pd_controller/include/leg_pd_controller/leg_pd_controller/LegPdController.h
[2.635s] -- Symlinking: /home/zzy/quadruped_ros2_control/ros2_ws_classic/install/leg_pd_controller/share/leg_pd_controller/environment/library_path.sh
[2.639s] -- Symlinking: /home/zzy/quadruped_ros2_control/ros2_ws_classic/install/leg_pd_controller/share/leg_pd_controller/environment/library_path.dsv
[2.644s] -- Symlinking: /home/zzy/quadruped_ros2_control/ros2_ws_classic/install/leg_pd_controller/share/ament_index/resource_index/package_run_dependencies/leg_pd_controller
[2.649s] -- Symlinking: /home/zzy/quadruped_ros2_control/ros2_ws_classic/install/leg_pd_controller/share/ament_index/resource_index/parent_prefix_path/leg_pd_controller
[2.653s] -- Symlinking: /home/zzy/quadruped_ros2_control/ros2_ws_classic/install/leg_pd_controller/share/leg_pd_controller/environment/ament_prefix_path.sh
[2.659s] -- Symlinking: /home/zzy/quadruped_ros2_control/ros2_ws_classic/install/leg_pd_controller/share/leg_pd_controller/environment/ament_prefix_path.dsv
[2.663s] -- Symlinking: /home/zzy/quadruped_ros2_control/ros2_ws_classic/install/leg_pd_controller/share/leg_pd_controller/environment/path.sh
[2.668s] -- Symlinking: /home/zzy/quadruped_ros2_control/ros2_ws_classic/install/leg_pd_controller/share/leg_pd_controller/environment/path.dsv
[2.672s] -- Symlinking: /home/zzy/quadruped_ros2_control/ros2_ws_classic/install/leg_pd_controller/share/leg_pd_controller/local_setup.bash
[2.677s] -- Symlinking: /home/zzy/quadruped_ros2_control/ros2_ws_classic/install/leg_pd_controller/share/leg_pd_controller/local_setup.sh
[2.681s] -- Symlinking: /home/zzy/quadruped_ros2_control/ros2_ws_classic/install/leg_pd_controller/share/leg_pd_controller/local_setup.zsh
[2.687s] -- Symlinking: /home/zzy/quadruped_ros2_control/ros2_ws_classic/install/leg_pd_controller/share/leg_pd_controller/local_setup.dsv
[2.692s] -- Symlinking: /home/zzy/quadruped_ros2_control/ros2_ws_classic/install/leg_pd_controller/share/leg_pd_controller/package.dsv
[2.698s] -- Symlinking: /home/zzy/quadruped_ros2_control/ros2_ws_classic/install/leg_pd_controller/share/ament_index/resource_index/packages/leg_pd_controller
[2.703s] -- Symlinking: /home/zzy/quadruped_ros2_control/ros2_ws_classic/install/leg_pd_controller/share/ament_index/resource_index/controller_interface__pluginlib__plugin/leg_pd_controller
[2.707s] -- Symlinking: /home/zzy/quadruped_ros2_control/ros2_ws_classic/install/leg_pd_controller/share/leg_pd_controller/cmake/ament_cmake_export_dependencies-extras.cmake
[2.713s] -- Symlinking: /home/zzy/quadruped_ros2_control/ros2_ws_classic/install/leg_pd_controller/share/leg_pd_controller/cmake/ament_cmake_export_targets-extras.cmake
[2.717s] -- Symlinking: /home/zzy/quadruped_ros2_control/ros2_ws_classic/install/leg_pd_controller/share/leg_pd_controller/cmake/leg_pd_controllerConfig.cmake
[2.722s] -- Symlinking: /home/zzy/quadruped_ros2_control/ros2_ws_classic/install/leg_pd_controller/share/leg_pd_controller/cmake/leg_pd_controllerConfig-version.cmake
[2.726s] -- Symlinking: /home/zzy/quadruped_ros2_control/ros2_ws_classic/install/leg_pd_controller/share/leg_pd_controller/package.xml
[2.731s] -- Installing: /home/zzy/quadruped_ros2_control/ros2_ws_classic/install/leg_pd_controller/lib/leg_pd_controller/libleg_pd_controller.so
[2.731s] -- Set runtime path of "/home/zzy/quadruped_ros2_control/ros2_ws_classic/install/leg_pd_controller/lib/leg_pd_controller/libleg_pd_controller.so" to ""
[2.731s] -- Installing: /home/zzy/quadruped_ros2_control/ros2_ws_classic/install/leg_pd_controller/share/leg_pd_controller/cmake/export_leg_pd_controllerExport.cmake
[2.731s] -- Installing: /home/zzy/quadruped_ros2_control/ros2_ws_classic/install/leg_pd_controller/share/leg_pd_controller/cmake/export_leg_pd_controllerExport-release.cmake
[2.732s] Invoked command in '/home/zzy/quadruped_ros2_control/ros2_ws_classic/build/leg_pd_controller' returned '0': CMAKE_PREFIX_PATH=${CMAKE_PREFIX_PATH}:/opt/ros/humble /usr/bin/cmake --install /home/zzy/quadruped_ros2_control/ros2_ws_classic/build/leg_pd_controller
