[0.007s] Invoking command in '/home/zzy/quadruped_ros2_control/ros2_ws_classic/build/go1_description': CMAKE_PREFIX_PATH=${CMAKE_PREFIX_PATH}:/opt/ros/humble /usr/bin/cmake /home/zzy/quadruped_ros2_control/ros2_ws_classic/src/go1_description -DAMENT_CMAKE_SYMLINK_INSTALL=1 -DCMAKE_INSTALL_PREFIX=/home/zzy/quadruped_ros2_control/ros2_ws_classic/install/go1_description
[0.039s] -- The C compiler identification is GNU 11.4.0
[0.071s] -- The CXX compiler identification is GNU 11.4.0
[0.075s] -- Detecting C compiler ABI info
[0.119s] -- Detecting C compiler ABI info - done
[0.125s] -- Check for working C compiler: /usr/bin/cc - skipped
[0.125s] -- Detecting C compile features
[0.125s] -- Detecting C compile features - done
[0.127s] -- Detecting CXX compiler ABI info
[0.171s] -- Detecting CXX compiler ABI info - done
[0.176s] -- Check for working CXX compiler: /usr/bin/c++ - skipped
[0.176s] -- Detecting CXX compile features
[0.176s] -- Detecting CXX compile features - done
[0.177s] -- Found ament_cmake: 1.3.12 (/opt/ros/humble/share/ament_cmake/cmake)
[0.259s] -- Found Python3: /usr/bin/python3 (found version "3.10.12") found components: Interpreter 
[0.293s] -- Override CMake install command with custom implementation using symlinks instead of copying resources
[0.339s] -- Configuring done
[0.339s] -- Generating done
[0.340s] -- Build files have been written to: /home/zzy/quadruped_ros2_control/ros2_ws_classic/build/go1_description
[0.344s] Invoked command in '/home/zzy/quadruped_ros2_control/ros2_ws_classic/build/go1_description' returned '0': CMAKE_PREFIX_PATH=${CMAKE_PREFIX_PATH}:/opt/ros/humble /usr/bin/cmake /home/zzy/quadruped_ros2_control/ros2_ws_classic/src/go1_description -DAMENT_CMAKE_SYMLINK_INSTALL=1 -DCMAKE_INSTALL_PREFIX=/home/zzy/quadruped_ros2_control/ros2_ws_classic/install/go1_description
[0.344s] Invoking command in '/home/zzy/quadruped_ros2_control/ros2_ws_classic/build/go1_description': CMAKE_PREFIX_PATH=${CMAKE_PREFIX_PATH}:/opt/ros/humble /usr/bin/cmake --build /home/zzy/quadruped_ros2_control/ros2_ws_classic/build/go1_description -- -j32 -l32
[0.368s] Invoked command in '/home/zzy/quadruped_ros2_control/ros2_ws_classic/build/go1_description' returned '0': CMAKE_PREFIX_PATH=${CMAKE_PREFIX_PATH}:/opt/ros/humble /usr/bin/cmake --build /home/zzy/quadruped_ros2_control/ros2_ws_classic/build/go1_description -- -j32 -l32
[0.375s] Invoking command in '/home/zzy/quadruped_ros2_control/ros2_ws_classic/build/go1_description': CMAKE_PREFIX_PATH=${CMAKE_PREFIX_PATH}:/opt/ros/humble /usr/bin/cmake --install /home/zzy/quadruped_ros2_control/ros2_ws_classic/build/go1_description
[0.379s] -- Install configuration: ""
[0.380s] -- Execute custom install script
[0.380s] -- Symlinking: /home/zzy/quadruped_ros2_control/ros2_ws_classic/install/go1_description/share/go1_description//meshes/calf.dae
[0.386s] -- Symlinking: /home/zzy/quadruped_ros2_control/ros2_ws_classic/install/go1_description/share/go1_description//meshes/depthCamera.dae
[0.391s] -- Symlinking: /home/zzy/quadruped_ros2_control/ros2_ws_classic/install/go1_description/share/go1_description//meshes/hip.dae
[0.397s] -- Symlinking: /home/zzy/quadruped_ros2_control/ros2_ws_classic/install/go1_description/share/go1_description//meshes/thigh.dae
[0.401s] -- Symlinking: /home/zzy/quadruped_ros2_control/ros2_ws_classic/install/go1_description/share/go1_description//meshes/thigh_mirror.dae
[0.406s] -- Symlinking: /home/zzy/quadruped_ros2_control/ros2_ws_classic/install/go1_description/share/go1_description//meshes/trunk.dae
[0.412s] -- Symlinking: /home/zzy/quadruped_ros2_control/ros2_ws_classic/install/go1_description/share/go1_description//meshes/ultraSound.dae
[0.418s] -- Symlinking: /home/zzy/quadruped_ros2_control/ros2_ws_classic/install/go1_description/share/go1_description//xacro/const.xacro
[0.422s] -- Symlinking: /home/zzy/quadruped_ros2_control/ros2_ws_classic/install/go1_description/share/go1_description//xacro/depthCamera.xacro
[0.427s] -- Symlinking: /home/zzy/quadruped_ros2_control/ros2_ws_classic/install/go1_description/share/go1_description//xacro/ft_sensor.xacro
[0.432s] -- Symlinking: /home/zzy/quadruped_ros2_control/ros2_ws_classic/install/go1_description/share/go1_description//xacro/gazebo.xacro
[0.437s] -- Symlinking: /home/zzy/quadruped_ros2_control/ros2_ws_classic/install/go1_description/share/go1_description//xacro/gazebo_classic.xacro
[0.441s] -- Symlinking: /home/zzy/quadruped_ros2_control/ros2_ws_classic/install/go1_description/share/go1_description//xacro/leg.xacro
[0.446s] -- Symlinking: /home/zzy/quadruped_ros2_control/ros2_ws_classic/install/go1_description/share/go1_description//xacro/materials.xacro
[0.451s] -- Symlinking: /home/zzy/quadruped_ros2_control/ros2_ws_classic/install/go1_description/share/go1_description//xacro/robot.xacro
[0.456s] -- Symlinking: /home/zzy/quadruped_ros2_control/ros2_ws_classic/install/go1_description/share/go1_description//xacro/ros2_control.xacro
[0.462s] -- Symlinking: /home/zzy/quadruped_ros2_control/ros2_ws_classic/install/go1_description/share/go1_description//xacro/transmission.xacro
[0.467s] -- Symlinking: /home/zzy/quadruped_ros2_control/ros2_ws_classic/install/go1_description/share/go1_description//xacro/ultraSound.xacro
[0.472s] -- Symlinking: /home/zzy/quadruped_ros2_control/ros2_ws_classic/install/go1_description/share/go1_description//launch/visualize.launch.py
[0.478s] -- Symlinking: /home/zzy/quadruped_ros2_control/ros2_ws_classic/install/go1_description/share/go1_description//config/gazebo.yaml
[0.483s] -- Symlinking: /home/zzy/quadruped_ros2_control/ros2_ws_classic/install/go1_description/share/go1_description//config/ocs2/gait.info
[0.488s] -- Symlinking: /home/zzy/quadruped_ros2_control/ros2_ws_classic/install/go1_description/share/go1_description//config/ocs2/reference.info
[0.493s] -- Symlinking: /home/zzy/quadruped_ros2_control/ros2_ws_classic/install/go1_description/share/go1_description//config/ocs2/task.info
[0.497s] -- Symlinking: /home/zzy/quadruped_ros2_control/ros2_ws_classic/install/go1_description/share/go1_description//config/robot_control.yaml
[0.501s] -- Symlinking: /home/zzy/quadruped_ros2_control/ros2_ws_classic/install/go1_description/share/go1_description//config/visualize_urdf.rviz
[0.507s] -- Symlinking: /home/zzy/quadruped_ros2_control/ros2_ws_classic/install/go1_description/share/go1_description//urdf/robot.urdf
[0.512s] -- Symlinking: /home/zzy/quadruped_ros2_control/ros2_ws_classic/install/go1_description/share/ament_index/resource_index/package_run_dependencies/go1_description
[0.518s] -- Symlinking: /home/zzy/quadruped_ros2_control/ros2_ws_classic/install/go1_description/share/ament_index/resource_index/parent_prefix_path/go1_description
[0.523s] -- Symlinking: /home/zzy/quadruped_ros2_control/ros2_ws_classic/install/go1_description/share/go1_description/environment/ament_prefix_path.sh
[0.527s] -- Symlinking: /home/zzy/quadruped_ros2_control/ros2_ws_classic/install/go1_description/share/go1_description/environment/ament_prefix_path.dsv
[0.533s] -- Symlinking: /home/zzy/quadruped_ros2_control/ros2_ws_classic/install/go1_description/share/go1_description/environment/path.sh
[0.537s] -- Symlinking: /home/zzy/quadruped_ros2_control/ros2_ws_classic/install/go1_description/share/go1_description/environment/path.dsv
[0.542s] -- Symlinking: /home/zzy/quadruped_ros2_control/ros2_ws_classic/install/go1_description/share/go1_description/local_setup.bash
[0.547s] -- Symlinking: /home/zzy/quadruped_ros2_control/ros2_ws_classic/install/go1_description/share/go1_description/local_setup.sh
[0.553s] -- Symlinking: /home/zzy/quadruped_ros2_control/ros2_ws_classic/install/go1_description/share/go1_description/local_setup.zsh
[0.558s] -- Symlinking: /home/zzy/quadruped_ros2_control/ros2_ws_classic/install/go1_description/share/go1_description/local_setup.dsv
[0.563s] -- Symlinking: /home/zzy/quadruped_ros2_control/ros2_ws_classic/install/go1_description/share/go1_description/package.dsv
[0.569s] -- Symlinking: /home/zzy/quadruped_ros2_control/ros2_ws_classic/install/go1_description/share/ament_index/resource_index/packages/go1_description
[0.574s] -- Symlinking: /home/zzy/quadruped_ros2_control/ros2_ws_classic/install/go1_description/share/go1_description/cmake/go1_descriptionConfig.cmake
[0.579s] -- Symlinking: /home/zzy/quadruped_ros2_control/ros2_ws_classic/install/go1_description/share/go1_description/cmake/go1_descriptionConfig-version.cmake
[0.585s] -- Symlinking: /home/zzy/quadruped_ros2_control/ros2_ws_classic/install/go1_description/share/go1_description/package.xml
[0.591s] Invoked command in '/home/zzy/quadruped_ros2_control/ros2_ws_classic/build/go1_description' returned '0': CMAKE_PREFIX_PATH=${CMAKE_PREFIX_PATH}:/opt/ros/humble /usr/bin/cmake --install /home/zzy/quadruped_ros2_control/ros2_ws_classic/build/go1_description
