[0.009s] Invoking command in '/home/zzy/quadruped_ros2_control/ros2_ws_classic/build/unitree_guide_controller': CMAKE_PREFIX_PATH=/home/zzy/quadruped_ros2_control/ros2_ws_classic/install/controller_common:/home/zzy/quadruped_ros2_control/ros2_ws_classic/install/control_input_msgs:/home/zzy/quadruped_ros2_control/ros2_ws_classic/install/unitree_guide_controller:/home/zzy/quadruped_ros2_control/ros2_ws_classic/install/leg_pd_controller:/home/zzy/quadruped_ros2_control/ros2_ws_classic/install/keyboard_input:/home/zzy/quadruped_ros2_control/ros2_ws_classic/install/go1_description:/opt/ros/humble LD_LIBRARY_PATH=/home/zzy/quadruped_ros2_control/ros2_ws_classic/install/controller_common/lib:/home/zzy/quadruped_ros2_control/ros2_ws_classic/install/control_input_msgs/lib:/home/zzy/quadruped_ros2_control/ros2_ws_classic/install/unitree_guide_controller/lib:/home/zzy/quadruped_ros2_control/ros2_ws_classic/install/leg_pd_controller/lib:/usr/hyz/miniconda3/envs/zzy/lib/:/usr/lib/x86_64-linux-gnu:/usr/local/cuda/lib64:/home/zzy/miniconda3/envs/zzy/lib:/opt/ros/humble/opt/rviz_ogre_vendor/lib:/opt/ros/humble/lib/x86_64-linux-gnu:/opt/ros/humble/lib:/usr/hyz/miniconda3/envs/zzy/lib/:/usr/lib/x86_64-linux-gnu:/usr/local/cuda/lib64:/home/zzy/miniconda3/envs/zzy/lib:/home/.mujoco/mujoco210/bin:/home/.mujoco/mujoco210/bin /usr/bin/cmake /home/zzy/quadruped_ros2_control/ros2_ws_classic/src/unitree_guide_controller -DAMENT_CMAKE_SYMLINK_INSTALL=1 -DCMAKE_INSTALL_PREFIX=/home/zzy/quadruped_ros2_control/ros2_ws_classic/install/unitree_guide_controller
[0.042s] -- The C compiler identification is GNU 11.4.0
[0.076s] -- The CXX compiler identification is GNU 11.4.0
[0.080s] -- Detecting C compiler ABI info
[0.122s] -- Detecting C compiler ABI info - done
[0.125s] -- Check for working C compiler: /usr/bin/cc - skipped
[0.125s] -- Detecting C compile features
[0.126s] -- Detecting C compile features - done
[0.127s] -- Detecting CXX compiler ABI info
[0.172s] -- Detecting CXX compiler ABI info - done
[0.175s] -- Check for working CXX compiler: /usr/bin/c++ - skipped
[0.176s] -- Detecting CXX compile features
[0.176s] -- Detecting CXX compile features - done
[0.177s] -- Found ament_cmake: 1.3.12 (/opt/ros/humble/share/ament_cmake/cmake)
[0.268s] -- Found Python3: /usr/bin/python3 (found version "3.10.12") found components: Interpreter 
[0.300s] -- Override CMake install command with custom implementation using symlinks instead of copying resources
[0.314s] -- Found pluginlib: 5.1.2 (/opt/ros/humble/share/pluginlib/cmake)
[0.338s] -- Found controller_interface: 2.52.0 (/opt/ros/humble/share/controller_interface/cmake)
[0.351s] -- Found rosidl_generator_c: 3.1.7 (/opt/ros/humble/share/rosidl_generator_c/cmake)
[0.353s] -- Found rosidl_adapter: 3.1.7 (/opt/ros/humble/share/rosidl_adapter/cmake)
[0.357s] -- Found rosidl_generator_cpp: 3.1.7 (/opt/ros/humble/share/rosidl_generator_cpp/cmake)
[0.363s] -- Using all available rosidl_typesupport_c: rosidl_typesupport_fastrtps_c;rosidl_typesupport_introspection_c
[0.369s] -- Using all available rosidl_typesupport_cpp: rosidl_typesupport_fastrtps_cpp;rosidl_typesupport_introspection_cpp
[0.450s] -- Found rmw_implementation_cmake: 6.1.2 (/opt/ros/humble/share/rmw_implementation_cmake/cmake)
[0.451s] -- Found rmw_fastrtps_cpp: 6.2.9 (/opt/ros/humble/share/rmw_fastrtps_cpp/cmake)
[0.462s] -- Found TinyXML2 via Config file: TinyXML2_DIR-NOTFOUND
[0.498s] -- Found OpenSSL: /usr/lib/x86_64-linux-gnu/libcrypto.so (found version "3.0.2")  
[0.499s] -- Found TinyXML2 via Config file: TinyXML2_DIR-NOTFOUND
[0.507s] -- Found FastRTPS: /opt/ros/humble/include  
[0.509s] -- Found TinyXML2 via Config file: TinyXML2_DIR-NOTFOUND
[0.513s] -- Found TinyXML2 via Config file: TinyXML2_DIR-NOTFOUND
[0.519s] -- Using RMW implementation 'rmw_fastrtps_cpp' as default
[0.523s] -- Looking for pthread.h
[0.564s] -- Looking for pthread.h - found
[0.564s] -- Performing Test CMAKE_HAVE_LIBC_PTHREAD
[0.605s] -- Performing Test CMAKE_HAVE_LIBC_PTHREAD - Success
[0.605s] -- Found Threads: TRUE  
[0.627s] -- Found realtime_tools: 2.14.1 (/opt/ros/humble/share/realtime_tools/cmake)
[0.633s] -- Found control_input_msgs: 0.0.0 (/home/zzy/quadruped_ros2_control/ros2_ws_classic/install/control_input_msgs/share/control_input_msgs/cmake)
[0.637s] -- Found controller_common: 0.0.0 (/home/zzy/quadruped_ros2_control/ros2_ws_classic/install/controller_common/share/controller_common/cmake)
[0.638s] -- Found kdl_parser: 2.6.4 (/opt/ros/humble/share/kdl_parser/cmake)
[0.644s] -- Found eigen3_cmake_module: 0.1.1 (/opt/ros/humble/share/eigen3_cmake_module/cmake)
[0.644s] -- Found Eigen3: TRUE (found version "3.4.0") 
[0.644s] -- Ensuring Eigen3 include directory is part of orocos-kdl CMake target
[0.648s] -- Found ament_lint_auto: 0.12.14 (/opt/ros/humble/share/ament_lint_auto/cmake)
[0.687s] -- Added test 'cppcheck' to perform static code analysis on C / C++ code
[0.687s] -- Configured cppcheck include dirs: $<BUILD_INTERFACE:/home/zzy/quadruped_ros2_control/ros2_ws_classic/src/unitree_guide_controller/include>;/home/zzy/quadruped_ros2_control/ros2_ws_classic/src/unitree_guide_controller/src
[0.687s] -- Configured cppcheck exclude dirs and/or files: 
[0.687s] -- Added test 'flake8' to check Python code syntax and style conventions
[0.688s] -- Added test 'lint_cmake' to check CMake code style
[0.688s] -- Added test 'pep257' to check Python code against some of the docstring style conventions in PEP 257
[0.689s] -- Added test 'uncrustify' to check C / C++ code style
[0.690s] -- Configured uncrustify additional arguments: 
[0.690s] -- Added test 'xmllint' to check XML markup files
[0.691s] -- Configuring done
[0.698s] -- Generating done
[0.701s] -- Build files have been written to: /home/zzy/quadruped_ros2_control/ros2_ws_classic/build/unitree_guide_controller
[0.707s] Invoked command in '/home/zzy/quadruped_ros2_control/ros2_ws_classic/build/unitree_guide_controller' returned '0': CMAKE_PREFIX_PATH=/home/zzy/quadruped_ros2_control/ros2_ws_classic/install/controller_common:/home/zzy/quadruped_ros2_control/ros2_ws_classic/install/control_input_msgs:/home/zzy/quadruped_ros2_control/ros2_ws_classic/install/unitree_guide_controller:/home/zzy/quadruped_ros2_control/ros2_ws_classic/install/leg_pd_controller:/home/zzy/quadruped_ros2_control/ros2_ws_classic/install/keyboard_input:/home/zzy/quadruped_ros2_control/ros2_ws_classic/install/go1_description:/opt/ros/humble LD_LIBRARY_PATH=/home/zzy/quadruped_ros2_control/ros2_ws_classic/install/controller_common/lib:/home/zzy/quadruped_ros2_control/ros2_ws_classic/install/control_input_msgs/lib:/home/zzy/quadruped_ros2_control/ros2_ws_classic/install/unitree_guide_controller/lib:/home/zzy/quadruped_ros2_control/ros2_ws_classic/install/leg_pd_controller/lib:/usr/hyz/miniconda3/envs/zzy/lib/:/usr/lib/x86_64-linux-gnu:/usr/local/cuda/lib64:/home/zzy/miniconda3/envs/zzy/lib:/opt/ros/humble/opt/rviz_ogre_vendor/lib:/opt/ros/humble/lib/x86_64-linux-gnu:/opt/ros/humble/lib:/usr/hyz/miniconda3/envs/zzy/lib/:/usr/lib/x86_64-linux-gnu:/usr/local/cuda/lib64:/home/zzy/miniconda3/envs/zzy/lib:/home/.mujoco/mujoco210/bin:/home/.mujoco/mujoco210/bin /usr/bin/cmake /home/zzy/quadruped_ros2_control/ros2_ws_classic/src/unitree_guide_controller -DAMENT_CMAKE_SYMLINK_INSTALL=1 -DCMAKE_INSTALL_PREFIX=/home/zzy/quadruped_ros2_control/ros2_ws_classic/install/unitree_guide_controller
[0.708s] Invoking command in '/home/zzy/quadruped_ros2_control/ros2_ws_classic/build/unitree_guide_controller': CMAKE_PREFIX_PATH=/home/zzy/quadruped_ros2_control/ros2_ws_classic/install/controller_common:/home/zzy/quadruped_ros2_control/ros2_ws_classic/install/control_input_msgs:/home/zzy/quadruped_ros2_control/ros2_ws_classic/install/unitree_guide_controller:/home/zzy/quadruped_ros2_control/ros2_ws_classic/install/leg_pd_controller:/home/zzy/quadruped_ros2_control/ros2_ws_classic/install/keyboard_input:/home/zzy/quadruped_ros2_control/ros2_ws_classic/install/go1_description:/opt/ros/humble LD_LIBRARY_PATH=/home/zzy/quadruped_ros2_control/ros2_ws_classic/install/controller_common/lib:/home/zzy/quadruped_ros2_control/ros2_ws_classic/install/control_input_msgs/lib:/home/zzy/quadruped_ros2_control/ros2_ws_classic/install/unitree_guide_controller/lib:/home/zzy/quadruped_ros2_control/ros2_ws_classic/install/leg_pd_controller/lib:/usr/hyz/miniconda3/envs/zzy/lib/:/usr/lib/x86_64-linux-gnu:/usr/local/cuda/lib64:/home/zzy/miniconda3/envs/zzy/lib:/opt/ros/humble/opt/rviz_ogre_vendor/lib:/opt/ros/humble/lib/x86_64-linux-gnu:/opt/ros/humble/lib:/usr/hyz/miniconda3/envs/zzy/lib/:/usr/lib/x86_64-linux-gnu:/usr/local/cuda/lib64:/home/zzy/miniconda3/envs/zzy/lib:/home/.mujoco/mujoco210/bin:/home/.mujoco/mujoco210/bin /usr/bin/cmake --build /home/zzy/quadruped_ros2_control/ros2_ws_classic/build/unitree_guide_controller -- -j32 -l32
[0.738s] [ 17%] [32mBuilding CXX object CMakeFiles/unitree_guide_controller.dir/src/control/LowPassFilter.cpp.o[0m
[0.738s] [ 17%] [32mBuilding CXX object CMakeFiles/unitree_guide_controller.dir/src/control/Estimator.cpp.o[0m
[0.738s] [ 17%] [32mBuilding CXX object CMakeFiles/unitree_guide_controller.dir/src/FSM/StateTrotting.cpp.o[0m
[0.738s] [ 23%] [32mBuilding CXX object CMakeFiles/unitree_guide_controller.dir/src/robot/RobotLeg.cpp.o[0m
[0.739s] [ 41%] [32mBuilding CXX object CMakeFiles/unitree_guide_controller.dir/src/FSM/StateSwingTest.cpp.o[0m
[0.739s] [ 41%] [32mBuilding CXX object CMakeFiles/unitree_guide_controller.dir/src/UnitreeGuideController.cpp.o[0m
[0.739s] [ 41%] [32mBuilding CXX object CMakeFiles/unitree_guide_controller.dir/src/FSM/StateFixedStand.cpp.o[0m
[0.739s] [ 58%] [32mBuilding CXX object CMakeFiles/unitree_guide_controller.dir/src/FSM/StateFreeStand.cpp.o[0m
[0.739s] [ 58%] [32mBuilding CXX object CMakeFiles/unitree_guide_controller.dir/src/FSM/StateBalanceTest.cpp.o[0m
[0.739s] [ 64%] [32mBuilding CXX object CMakeFiles/unitree_guide_controller.dir/src/quadProgpp/Array.cc.o[0m
[0.739s] [ 64%] [32mBuilding CXX object CMakeFiles/unitree_guide_controller.dir/src/quadProgpp/QuadProg++.cc.o[0m
[0.739s] [ 76%] [32mBuilding CXX object CMakeFiles/unitree_guide_controller.dir/src/gait/FeetEndCalc.cpp.o[0m
[0.739s] [ 82%] [32mBuilding CXX object CMakeFiles/unitree_guide_controller.dir/src/control/BalanceCtrl.cpp.o[0m
[0.739s] [ 76%] [32mBuilding CXX object CMakeFiles/unitree_guide_controller.dir/src/robot/QuadrupedRobot.cpp.o[0m
[0.740s] [ 88%] [32mBuilding CXX object CMakeFiles/unitree_guide_controller.dir/src/gait/WaveGenerator.cpp.o[0m
[0.741s] [ 94%] [32mBuilding CXX object CMakeFiles/unitree_guide_controller.dir/src/gait/GaitGenerator.cpp.o[0m
[9.101s] [100%] [32m[1mLinking CXX shared library libunitree_guide_controller.so[0m
[9.202s] [100%] Built target unitree_guide_controller
[9.212s] Invoked command in '/home/zzy/quadruped_ros2_control/ros2_ws_classic/build/unitree_guide_controller' returned '0': CMAKE_PREFIX_PATH=/home/zzy/quadruped_ros2_control/ros2_ws_classic/install/controller_common:/home/zzy/quadruped_ros2_control/ros2_ws_classic/install/control_input_msgs:/home/zzy/quadruped_ros2_control/ros2_ws_classic/install/unitree_guide_controller:/home/zzy/quadruped_ros2_control/ros2_ws_classic/install/leg_pd_controller:/home/zzy/quadruped_ros2_control/ros2_ws_classic/install/keyboard_input:/home/zzy/quadruped_ros2_control/ros2_ws_classic/install/go1_description:/opt/ros/humble LD_LIBRARY_PATH=/home/zzy/quadruped_ros2_control/ros2_ws_classic/install/controller_common/lib:/home/zzy/quadruped_ros2_control/ros2_ws_classic/install/control_input_msgs/lib:/home/zzy/quadruped_ros2_control/ros2_ws_classic/install/unitree_guide_controller/lib:/home/zzy/quadruped_ros2_control/ros2_ws_classic/install/leg_pd_controller/lib:/usr/hyz/miniconda3/envs/zzy/lib/:/usr/lib/x86_64-linux-gnu:/usr/local/cuda/lib64:/home/zzy/miniconda3/envs/zzy/lib:/opt/ros/humble/opt/rviz_ogre_vendor/lib:/opt/ros/humble/lib/x86_64-linux-gnu:/opt/ros/humble/lib:/usr/hyz/miniconda3/envs/zzy/lib/:/usr/lib/x86_64-linux-gnu:/usr/local/cuda/lib64:/home/zzy/miniconda3/envs/zzy/lib:/home/.mujoco/mujoco210/bin:/home/.mujoco/mujoco210/bin /usr/bin/cmake --build /home/zzy/quadruped_ros2_control/ros2_ws_classic/build/unitree_guide_controller -- -j32 -l32
[9.212s] Invoking command in '/home/zzy/quadruped_ros2_control/ros2_ws_classic/build/unitree_guide_controller': CMAKE_PREFIX_PATH=/home/zzy/quadruped_ros2_control/ros2_ws_classic/install/controller_common:/home/zzy/quadruped_ros2_control/ros2_ws_classic/install/control_input_msgs:/home/zzy/quadruped_ros2_control/ros2_ws_classic/install/unitree_guide_controller:/home/zzy/quadruped_ros2_control/ros2_ws_classic/install/leg_pd_controller:/home/zzy/quadruped_ros2_control/ros2_ws_classic/install/keyboard_input:/home/zzy/quadruped_ros2_control/ros2_ws_classic/install/go1_description:/opt/ros/humble LD_LIBRARY_PATH=/home/zzy/quadruped_ros2_control/ros2_ws_classic/install/controller_common/lib:/home/zzy/quadruped_ros2_control/ros2_ws_classic/install/control_input_msgs/lib:/home/zzy/quadruped_ros2_control/ros2_ws_classic/install/unitree_guide_controller/lib:/home/zzy/quadruped_ros2_control/ros2_ws_classic/install/leg_pd_controller/lib:/usr/hyz/miniconda3/envs/zzy/lib/:/usr/lib/x86_64-linux-gnu:/usr/local/cuda/lib64:/home/zzy/miniconda3/envs/zzy/lib:/opt/ros/humble/opt/rviz_ogre_vendor/lib:/opt/ros/humble/lib/x86_64-linux-gnu:/opt/ros/humble/lib:/usr/hyz/miniconda3/envs/zzy/lib/:/usr/lib/x86_64-linux-gnu:/usr/local/cuda/lib64:/home/zzy/miniconda3/envs/zzy/lib:/home/.mujoco/mujoco210/bin:/home/.mujoco/mujoco210/bin /usr/bin/cmake --install /home/zzy/quadruped_ros2_control/ros2_ws_classic/build/unitree_guide_controller
[9.217s] -- Install configuration: "Release"
[9.217s] -- Execute custom install script
[9.217s] -- Symlinking: /home/zzy/quadruped_ros2_control/ros2_ws_classic/install/unitree_guide_controller/share/unitree_guide_controller//unitree_guide_controller.xml
[9.223s] -- Symlinking: /home/zzy/quadruped_ros2_control/ros2_ws_classic/install/unitree_guide_controller/include/unitree_guide_controller/unitree_guide_controller/FSM/StateBalanceTest.h
[9.228s] -- Symlinking: /home/zzy/quadruped_ros2_control/ros2_ws_classic/install/unitree_guide_controller/include/unitree_guide_controller/unitree_guide_controller/FSM/StateFixedStand.h
[9.233s] -- Symlinking: /home/zzy/quadruped_ros2_control/ros2_ws_classic/install/unitree_guide_controller/include/unitree_guide_controller/unitree_guide_controller/FSM/StateFreeStand.h
[9.237s] -- Symlinking: /home/zzy/quadruped_ros2_control/ros2_ws_classic/install/unitree_guide_controller/include/unitree_guide_controller/unitree_guide_controller/FSM/StateSwingTest.h
[9.241s] -- Symlinking: /home/zzy/quadruped_ros2_control/ros2_ws_classic/install/unitree_guide_controller/include/unitree_guide_controller/unitree_guide_controller/FSM/StateTrotting.h
[9.245s] -- Symlinking: /home/zzy/quadruped_ros2_control/ros2_ws_classic/install/unitree_guide_controller/include/unitree_guide_controller/unitree_guide_controller/UnitreeGuideController.h
[9.249s] -- Symlinking: /home/zzy/quadruped_ros2_control/ros2_ws_classic/install/unitree_guide_controller/include/unitree_guide_controller/unitree_guide_controller/common/mathTools.h
[9.254s] -- Symlinking: /home/zzy/quadruped_ros2_control/ros2_ws_classic/install/unitree_guide_controller/include/unitree_guide_controller/unitree_guide_controller/common/mathTypes.h
[9.258s] -- Symlinking: /home/zzy/quadruped_ros2_control/ros2_ws_classic/install/unitree_guide_controller/include/unitree_guide_controller/unitree_guide_controller/control/BalanceCtrl.h
[9.262s] -- Symlinking: /home/zzy/quadruped_ros2_control/ros2_ws_classic/install/unitree_guide_controller/include/unitree_guide_controller/unitree_guide_controller/control/CtrlComponent.h
[9.267s] -- Symlinking: /home/zzy/quadruped_ros2_control/ros2_ws_classic/install/unitree_guide_controller/include/unitree_guide_controller/unitree_guide_controller/control/Estimator.h
[9.272s] -- Symlinking: /home/zzy/quadruped_ros2_control/ros2_ws_classic/install/unitree_guide_controller/include/unitree_guide_controller/unitree_guide_controller/control/LowPassFilter.h
[9.277s] -- Symlinking: /home/zzy/quadruped_ros2_control/ros2_ws_classic/install/unitree_guide_controller/include/unitree_guide_controller/unitree_guide_controller/gait/FeetEndCalc.h
[9.283s] -- Symlinking: /home/zzy/quadruped_ros2_control/ros2_ws_classic/install/unitree_guide_controller/include/unitree_guide_controller/unitree_guide_controller/gait/GaitGenerator.h
[9.288s] -- Symlinking: /home/zzy/quadruped_ros2_control/ros2_ws_classic/install/unitree_guide_controller/include/unitree_guide_controller/unitree_guide_controller/gait/WaveGenerator.h
[9.293s] -- Symlinking: /home/zzy/quadruped_ros2_control/ros2_ws_classic/install/unitree_guide_controller/include/unitree_guide_controller/unitree_guide_controller/robot/QuadrupedRobot.h
[9.299s] -- Symlinking: /home/zzy/quadruped_ros2_control/ros2_ws_classic/install/unitree_guide_controller/include/unitree_guide_controller/unitree_guide_controller/robot/RobotLeg.h
[9.304s] -- Symlinking: /home/zzy/quadruped_ros2_control/ros2_ws_classic/install/unitree_guide_controller/share/unitree_guide_controller//launch/gazebo.launch.py
[9.309s] -- Symlinking: /home/zzy/quadruped_ros2_control/ros2_ws_classic/install/unitree_guide_controller/share/unitree_guide_controller//launch/gazebo_classic.launch.py
[9.314s] -- Symlinking: /home/zzy/quadruped_ros2_control/ros2_ws_classic/install/unitree_guide_controller/share/unitree_guide_controller//launch/mujoco.launch.py
[9.320s] -- Symlinking: /home/zzy/quadruped_ros2_control/ros2_ws_classic/install/unitree_guide_controller/share/unitree_guide_controller/environment/library_path.sh
[9.324s] -- Symlinking: /home/zzy/quadruped_ros2_control/ros2_ws_classic/install/unitree_guide_controller/share/unitree_guide_controller/environment/library_path.dsv
[9.329s] -- Symlinking: /home/zzy/quadruped_ros2_control/ros2_ws_classic/install/unitree_guide_controller/share/ament_index/resource_index/package_run_dependencies/unitree_guide_controller
[9.334s] -- Symlinking: /home/zzy/quadruped_ros2_control/ros2_ws_classic/install/unitree_guide_controller/share/ament_index/resource_index/parent_prefix_path/unitree_guide_controller
[9.339s] -- Symlinking: /home/zzy/quadruped_ros2_control/ros2_ws_classic/install/unitree_guide_controller/share/unitree_guide_controller/environment/ament_prefix_path.sh
[9.345s] -- Symlinking: /home/zzy/quadruped_ros2_control/ros2_ws_classic/install/unitree_guide_controller/share/unitree_guide_controller/environment/ament_prefix_path.dsv
[9.350s] -- Symlinking: /home/zzy/quadruped_ros2_control/ros2_ws_classic/install/unitree_guide_controller/share/unitree_guide_controller/environment/path.sh
[9.355s] -- Symlinking: /home/zzy/quadruped_ros2_control/ros2_ws_classic/install/unitree_guide_controller/share/unitree_guide_controller/environment/path.dsv
[9.360s] -- Symlinking: /home/zzy/quadruped_ros2_control/ros2_ws_classic/install/unitree_guide_controller/share/unitree_guide_controller/local_setup.bash
[9.364s] -- Symlinking: /home/zzy/quadruped_ros2_control/ros2_ws_classic/install/unitree_guide_controller/share/unitree_guide_controller/local_setup.sh
[9.368s] -- Symlinking: /home/zzy/quadruped_ros2_control/ros2_ws_classic/install/unitree_guide_controller/share/unitree_guide_controller/local_setup.zsh
[9.373s] -- Symlinking: /home/zzy/quadruped_ros2_control/ros2_ws_classic/install/unitree_guide_controller/share/unitree_guide_controller/local_setup.dsv
[9.377s] -- Symlinking: /home/zzy/quadruped_ros2_control/ros2_ws_classic/install/unitree_guide_controller/share/unitree_guide_controller/package.dsv
[9.383s] -- Symlinking: /home/zzy/quadruped_ros2_control/ros2_ws_classic/install/unitree_guide_controller/share/ament_index/resource_index/packages/unitree_guide_controller
[9.388s] -- Symlinking: /home/zzy/quadruped_ros2_control/ros2_ws_classic/install/unitree_guide_controller/share/ament_index/resource_index/controller_interface__pluginlib__plugin/unitree_guide_controller
[9.394s] -- Symlinking: /home/zzy/quadruped_ros2_control/ros2_ws_classic/install/unitree_guide_controller/share/unitree_guide_controller/cmake/ament_cmake_export_dependencies-extras.cmake
[9.398s] -- Symlinking: /home/zzy/quadruped_ros2_control/ros2_ws_classic/install/unitree_guide_controller/share/unitree_guide_controller/cmake/ament_cmake_export_targets-extras.cmake
[9.402s] -- Symlinking: /home/zzy/quadruped_ros2_control/ros2_ws_classic/install/unitree_guide_controller/share/unitree_guide_controller/cmake/unitree_guide_controllerConfig.cmake
[9.407s] -- Symlinking: /home/zzy/quadruped_ros2_control/ros2_ws_classic/install/unitree_guide_controller/share/unitree_guide_controller/cmake/unitree_guide_controllerConfig-version.cmake
[9.411s] -- Symlinking: /home/zzy/quadruped_ros2_control/ros2_ws_classic/install/unitree_guide_controller/share/unitree_guide_controller/package.xml
[9.416s] -- Installing: /home/zzy/quadruped_ros2_control/ros2_ws_classic/install/unitree_guide_controller/lib/unitree_guide_controller/libunitree_guide_controller.so
[9.416s] -- Set runtime path of "/home/zzy/quadruped_ros2_control/ros2_ws_classic/install/unitree_guide_controller/lib/unitree_guide_controller/libunitree_guide_controller.so" to ""
[9.416s] -- Installing: /home/zzy/quadruped_ros2_control/ros2_ws_classic/install/unitree_guide_controller/share/unitree_guide_controller/cmake/export_unitree_guide_controllerExport.cmake
[9.417s] -- Installing: /home/zzy/quadruped_ros2_control/ros2_ws_classic/install/unitree_guide_controller/share/unitree_guide_controller/cmake/export_unitree_guide_controllerExport-release.cmake
[9.417s] Invoked command in '/home/zzy/quadruped_ros2_control/ros2_ws_classic/build/unitree_guide_controller' returned '0': CMAKE_PREFIX_PATH=/home/zzy/quadruped_ros2_control/ros2_ws_classic/install/controller_common:/home/zzy/quadruped_ros2_control/ros2_ws_classic/install/control_input_msgs:/home/zzy/quadruped_ros2_control/ros2_ws_classic/install/unitree_guide_controller:/home/zzy/quadruped_ros2_control/ros2_ws_classic/install/leg_pd_controller:/home/zzy/quadruped_ros2_control/ros2_ws_classic/install/keyboard_input:/home/zzy/quadruped_ros2_control/ros2_ws_classic/install/go1_description:/opt/ros/humble LD_LIBRARY_PATH=/home/zzy/quadruped_ros2_control/ros2_ws_classic/install/controller_common/lib:/home/zzy/quadruped_ros2_control/ros2_ws_classic/install/control_input_msgs/lib:/home/zzy/quadruped_ros2_control/ros2_ws_classic/install/unitree_guide_controller/lib:/home/zzy/quadruped_ros2_control/ros2_ws_classic/install/leg_pd_controller/lib:/usr/hyz/miniconda3/envs/zzy/lib/:/usr/lib/x86_64-linux-gnu:/usr/local/cuda/lib64:/home/zzy/miniconda3/envs/zzy/lib:/opt/ros/humble/opt/rviz_ogre_vendor/lib:/opt/ros/humble/lib/x86_64-linux-gnu:/opt/ros/humble/lib:/usr/hyz/miniconda3/envs/zzy/lib/:/usr/lib/x86_64-linux-gnu:/usr/local/cuda/lib64:/home/zzy/miniconda3/envs/zzy/lib:/home/.mujoco/mujoco210/bin:/home/.mujoco/mujoco210/bin /usr/bin/cmake --install /home/zzy/quadruped_ros2_control/ros2_ws_classic/build/unitree_guide_controller
