[0.008s] Invoking command in '/home/zzy/quadruped_ros2_control/ros2_ws_classic/build/control_input_msgs': CMAKE_PREFIX_PATH=${CMAKE_PREFIX_PATH}:/opt/ros/humble /usr/bin/cmake /home/zzy/quadruped_ros2_control/ros2_ws_classic/src/control_input_msgs -DAMENT_CMAKE_SYMLINK_INSTALL=1 -DCMAKE_INSTALL_PREFIX=/home/zzy/quadruped_ros2_control/ros2_ws_classic/install/control_input_msgs
[0.041s] -- The C compiler identification is GNU 11.4.0
[0.077s] -- The CXX compiler identification is GNU 11.4.0
[0.080s] -- Detecting C compiler ABI info
[0.123s] -- Detecting C compiler ABI info - done
[0.126s] -- Check for working C compiler: /usr/bin/cc - skipped
[0.126s] -- Detecting C compile features
[0.127s] -- Detecting C compile features - done
[0.128s] -- Detecting CXX compiler ABI info
[0.177s] -- Detecting CXX compiler ABI info - done
[0.183s] -- Check for working CXX compiler: /usr/bin/c++ - skipped
[0.183s] -- Detecting CXX compile features
[0.184s] -- Detecting CXX compile features - done
[0.184s] -- Found rosidl_default_generators: 1.2.0 (/opt/ros/humble/share/rosidl_default_generators/cmake)
[0.185s] -- Found ament_cmake_core: 1.3.12 (/opt/ros/humble/share/ament_cmake_core/cmake)
[0.276s] -- Found Python3: /usr/bin/python3 (found version "3.10.12") found components: Interpreter 
[0.309s] -- Override CMake install command with custom implementation using symlinks instead of copying resources
[0.310s] -- Using all available rosidl_typesupport_c: rosidl_typesupport_fastrtps_c;rosidl_typesupport_introspection_c
[0.313s] -- Found rosidl_adapter: 3.1.7 (/opt/ros/humble/share/rosidl_adapter/cmake)
[0.343s] -- Using all available rosidl_typesupport_cpp: rosidl_typesupport_fastrtps_cpp;rosidl_typesupport_introspection_cpp
[0.493s] -- Found ament_cmake_ros: 0.10.0 (/opt/ros/humble/share/ament_cmake_ros/cmake)
[0.599s] -- Using all available rosidl_typesupport_c: rosidl_typesupport_fastrtps_c;rosidl_typesupport_introspection_c
[0.741s] -- Using all available rosidl_typesupport_cpp: rosidl_typesupport_fastrtps_cpp;rosidl_typesupport_introspection_cpp
[0.755s] -- Found PythonInterp: /usr/bin/python3 (found suitable version "3.10.12", minimum required is "3.6") 
[0.756s] -- Found python_cmake_module: 0.10.0 (/opt/ros/humble/share/python_cmake_module/cmake)
[0.771s] -- Found PythonLibs: /usr/lib/x86_64-linux-gnu/libpython3.10.so (found suitable version "3.10.12", minimum required is "3.5") 
[0.771s] -- Using PYTHON_EXECUTABLE: /usr/bin/python3
[0.771s] -- Using PYTHON_INCLUDE_DIRS: /usr/include/python3.10
[0.772s] -- Using PYTHON_LIBRARIES: /usr/lib/x86_64-linux-gnu/libpython3.10.so
[0.786s] -- Found PythonExtra: .so  
[0.806s] -- Configuring done
[0.817s] -- Generating done
[0.821s] -- Build files have been written to: /home/zzy/quadruped_ros2_control/ros2_ws_classic/build/control_input_msgs
[0.826s] Invoked command in '/home/zzy/quadruped_ros2_control/ros2_ws_classic/build/control_input_msgs' returned '0': CMAKE_PREFIX_PATH=${CMAKE_PREFIX_PATH}:/opt/ros/humble /usr/bin/cmake /home/zzy/quadruped_ros2_control/ros2_ws_classic/src/control_input_msgs -DAMENT_CMAKE_SYMLINK_INSTALL=1 -DCMAKE_INSTALL_PREFIX=/home/zzy/quadruped_ros2_control/ros2_ws_classic/install/control_input_msgs
[0.827s] Invoking command in '/home/zzy/quadruped_ros2_control/ros2_ws_classic/build/control_input_msgs': CMAKE_PREFIX_PATH=${CMAKE_PREFIX_PATH}:/opt/ros/humble /usr/bin/cmake --build /home/zzy/quadruped_ros2_control/ros2_ws_classic/build/control_input_msgs -- -j32 -l32
[0.856s] [  3%] [34m[1mGenerating C code for ROS interfaces[0m
[0.863s] [  6%] [34m[1mGenerating C++ code for ROS interfaces[0m
[0.870s] [  6%] Built target ament_cmake_python_symlink_control_input_msgs
[0.978s] running egg_info
[0.978s] creating control_input_msgs.egg-info
[0.978s] writing control_input_msgs.egg-info/PKG-INFO
[0.978s] writing dependency_links to control_input_msgs.egg-info/dependency_links.txt
[0.979s] writing top-level names to control_input_msgs.egg-info/top_level.txt
[0.979s] writing manifest file 'control_input_msgs.egg-info/SOURCES.txt'
[0.979s] reading manifest file 'control_input_msgs.egg-info/SOURCES.txt'
[0.979s] writing manifest file 'control_input_msgs.egg-info/SOURCES.txt'
[0.983s] [  6%] Built target control_input_msgs__cpp
[0.986s] [  9%] [32mBuilding C object CMakeFiles/control_input_msgs__rosidl_generator_c.dir/rosidl_generator_c/control_input_msgs/msg/detail/inputs__functions.c.o[0m
[0.990s] [ 12%] [34m[1mGenerating C++ introspection for ROS interfaces[0m
[0.990s] [ 19%] [34m[1mGenerating C++ type support for eProsima Fast-RTPS[0m
[0.990s] [ 19%] [34m[1mGenerating C++ type support dispatch for ROS interfaces[0m
[0.994s] [ 19%] Built target ament_cmake_python_build_control_input_msgs_egg
[1.013s] [ 22%] [32m[1mLinking C shared library libcontrol_input_msgs__rosidl_generator_c.so[0m
[1.037s] [ 22%] Built target control_input_msgs__rosidl_generator_c
[1.044s] [ 32%] [34m[1mGenerating C type support dispatch for ROS interfaces[0m
[1.044s] [ 32%] [34m[1mGenerating C introspection for ROS interfaces[0m
[1.044s] [ 32%] [34m[1mGenerating C type support for eProsima Fast-RTPS[0m
[1.111s] [ 35%] [32mBuilding CXX object CMakeFiles/control_input_msgs__rosidl_typesupport_introspection_cpp.dir/rosidl_typesupport_introspection_cpp/control_input_msgs/msg/detail/inputs__type_support.cpp.o[0m
[1.115s] [ 38%] [32mBuilding CXX object CMakeFiles/control_input_msgs__rosidl_typesupport_fastrtps_cpp.dir/rosidl_typesupport_fastrtps_cpp/control_input_msgs/msg/detail/dds_fastrtps/inputs__type_support.cpp.o[0m
[1.118s] [ 41%] [32mBuilding CXX object CMakeFiles/control_input_msgs__rosidl_typesupport_cpp.dir/rosidl_typesupport_cpp/control_input_msgs/msg/inputs__type_support.cpp.o[0m
[1.164s] [ 45%] [32mBuilding CXX object CMakeFiles/control_input_msgs__rosidl_typesupport_c.dir/rosidl_typesupport_c/control_input_msgs/msg/inputs__type_support.cpp.o[0m
[1.171s] [ 48%] [32mBuilding CXX object CMakeFiles/control_input_msgs__rosidl_typesupport_fastrtps_c.dir/rosidl_typesupport_fastrtps_c/control_input_msgs/msg/detail/inputs__type_support_c.cpp.o[0m
[1.173s] [ 51%] [32mBuilding C object CMakeFiles/control_input_msgs__rosidl_typesupport_introspection_c.dir/rosidl_typesupport_introspection_c/control_input_msgs/msg/detail/inputs__type_support.c.o[0m
[1.185s] [ 54%] [32m[1mLinking CXX shared library libcontrol_input_msgs__rosidl_typesupport_c.so[0m
[1.196s] [ 58%] [32m[1mLinking C shared library libcontrol_input_msgs__rosidl_typesupport_introspection_c.so[0m
[1.213s] [ 58%] Built target control_input_msgs__rosidl_typesupport_c
[1.219s] [ 58%] Built target control_input_msgs__rosidl_typesupport_introspection_c
[1.236s] [ 61%] [32m[1mLinking CXX shared library libcontrol_input_msgs__rosidl_typesupport_cpp.so[0m
[1.260s] [ 61%] Built target control_input_msgs__rosidl_typesupport_cpp
[1.285s] [ 67%] [32m[1mLinking CXX shared library libcontrol_input_msgs__rosidl_typesupport_fastrtps_cpp.so[0m
[1.285s] [ 67%] [32m[1mLinking CXX shared library libcontrol_input_msgs__rosidl_typesupport_introspection_cpp.so[0m
[1.312s] [ 70%] [32m[1mLinking CXX shared library libcontrol_input_msgs__rosidl_typesupport_fastrtps_c.so[0m
[1.312s] [ 70%] Built target control_input_msgs__rosidl_typesupport_introspection_cpp
[1.324s] [ 70%] Built target control_input_msgs__rosidl_typesupport_fastrtps_cpp
[1.355s] [ 70%] Built target control_input_msgs__rosidl_typesupport_fastrtps_c
[1.369s] [ 70%] Built target control_input_msgs
[1.380s] [ 74%] [34m[1mGenerating Python code for ROS interfaces[0m
[1.520s] [ 74%] Built target control_input_msgs__py
[1.533s] [ 77%] [32mBuilding C object CMakeFiles/control_input_msgs__rosidl_generator_py.dir/rosidl_generator_py/control_input_msgs/msg/_inputs_s.c.o[0m
[1.582s] [ 80%] [32m[1mLinking C shared library rosidl_generator_py/control_input_msgs/libcontrol_input_msgs__rosidl_generator_py.so[0m
[1.604s] [ 80%] Built target control_input_msgs__rosidl_generator_py
[1.617s] [ 83%] [32mBuilding C object CMakeFiles/control_input_msgs__rosidl_typesupport_fastrtps_c__pyext.dir/rosidl_generator_py/control_input_msgs/_control_input_msgs_s.ep.rosidl_typesupport_fastrtps_c.c.o[0m
[1.617s] [ 87%] [32mBuilding C object CMakeFiles/control_input_msgs__rosidl_typesupport_introspection_c__pyext.dir/rosidl_generator_py/control_input_msgs/_control_input_msgs_s.ep.rosidl_typesupport_introspection_c.c.o[0m
[1.618s] [ 90%] [32mBuilding C object CMakeFiles/control_input_msgs__rosidl_typesupport_c__pyext.dir/rosidl_generator_py/control_input_msgs/_control_input_msgs_s.ep.rosidl_typesupport_c.c.o[0m
[1.661s] [ 93%] [32m[1mLinking C shared library rosidl_generator_py/control_input_msgs/control_input_msgs_s__rosidl_typesupport_introspection_c.cpython-310-x86_64-linux-gnu.so[0m
[1.662s] [ 96%] [32m[1mLinking C shared library rosidl_generator_py/control_input_msgs/control_input_msgs_s__rosidl_typesupport_fastrtps_c.cpython-310-x86_64-linux-gnu.so[0m
[1.667s] [100%] [32m[1mLinking C shared library rosidl_generator_py/control_input_msgs/control_input_msgs_s__rosidl_typesupport_c.cpython-310-x86_64-linux-gnu.so[0m
[1.681s] [100%] Built target control_input_msgs__rosidl_typesupport_fastrtps_c__pyext
[1.681s] [100%] Built target control_input_msgs__rosidl_typesupport_introspection_c__pyext
[1.687s] [100%] Built target control_input_msgs__rosidl_typesupport_c__pyext
[1.694s] Invoked command in '/home/zzy/quadruped_ros2_control/ros2_ws_classic/build/control_input_msgs' returned '0': CMAKE_PREFIX_PATH=${CMAKE_PREFIX_PATH}:/opt/ros/humble /usr/bin/cmake --build /home/zzy/quadruped_ros2_control/ros2_ws_classic/build/control_input_msgs -- -j32 -l32
[1.696s] Invoking command in '/home/zzy/quadruped_ros2_control/ros2_ws_classic/build/control_input_msgs': CMAKE_PREFIX_PATH=${CMAKE_PREFIX_PATH}:/opt/ros/humble /usr/bin/cmake --install /home/zzy/quadruped_ros2_control/ros2_ws_classic/build/control_input_msgs
[1.700s] -- Install configuration: ""
[1.700s] -- Execute custom install script
[1.700s] -- Symlinking: /home/zzy/quadruped_ros2_control/ros2_ws_classic/install/control_input_msgs/share/ament_index/resource_index/rosidl_interfaces/control_input_msgs
[1.705s] -- Symlinking: /home/zzy/quadruped_ros2_control/ros2_ws_classic/install/control_input_msgs/include/control_input_msgs/control_input_msgs/msg/detail/inputs__functions.h
[1.709s] -- Symlinking: /home/zzy/quadruped_ros2_control/ros2_ws_classic/install/control_input_msgs/include/control_input_msgs/control_input_msgs/msg/detail/inputs__struct.h
[1.714s] -- Symlinking: /home/zzy/quadruped_ros2_control/ros2_ws_classic/install/control_input_msgs/include/control_input_msgs/control_input_msgs/msg/detail/inputs__type_support.h
[1.720s] -- Symlinking: /home/zzy/quadruped_ros2_control/ros2_ws_classic/install/control_input_msgs/include/control_input_msgs/control_input_msgs/msg/inputs.h
[1.725s] -- Symlinking: /home/zzy/quadruped_ros2_control/ros2_ws_classic/install/control_input_msgs/include/control_input_msgs/control_input_msgs/msg/rosidl_generator_c__visibility_control.h
[1.730s] -- Symlinking: /home/zzy/quadruped_ros2_control/ros2_ws_classic/install/control_input_msgs/share/control_input_msgs/environment/library_path.sh
[1.735s] -- Symlinking: /home/zzy/quadruped_ros2_control/ros2_ws_classic/install/control_input_msgs/share/control_input_msgs/environment/library_path.dsv
[1.740s] -- Symlinking: /home/zzy/quadruped_ros2_control/ros2_ws_classic/install/control_input_msgs/include/control_input_msgs/control_input_msgs/msg/detail/inputs__rosidl_typesupport_fastrtps_c.h
[1.746s] -- Symlinking: /home/zzy/quadruped_ros2_control/ros2_ws_classic/install/control_input_msgs/include/control_input_msgs/control_input_msgs/msg/rosidl_typesupport_fastrtps_c__visibility_control.h
[1.751s] -- Symlinking: /home/zzy/quadruped_ros2_control/ros2_ws_classic/install/control_input_msgs/include/control_input_msgs/control_input_msgs/msg/detail/inputs__rosidl_typesupport_introspection_c.h
[1.756s] -- Symlinking: /home/zzy/quadruped_ros2_control/ros2_ws_classic/install/control_input_msgs/include/control_input_msgs/control_input_msgs/msg/rosidl_typesupport_introspection_c__visibility_control.h
[1.761s] -- Symlinking: /home/zzy/quadruped_ros2_control/ros2_ws_classic/install/control_input_msgs/include/control_input_msgs/control_input_msgs/msg/detail/inputs__builder.hpp
[1.765s] -- Symlinking: /home/zzy/quadruped_ros2_control/ros2_ws_classic/install/control_input_msgs/include/control_input_msgs/control_input_msgs/msg/detail/inputs__struct.hpp
[1.770s] -- Symlinking: /home/zzy/quadruped_ros2_control/ros2_ws_classic/install/control_input_msgs/include/control_input_msgs/control_input_msgs/msg/detail/inputs__traits.hpp
[1.776s] -- Symlinking: /home/zzy/quadruped_ros2_control/ros2_ws_classic/install/control_input_msgs/include/control_input_msgs/control_input_msgs/msg/detail/inputs__type_support.hpp
[1.779s] -- Symlinking: /home/zzy/quadruped_ros2_control/ros2_ws_classic/install/control_input_msgs/include/control_input_msgs/control_input_msgs/msg/inputs.hpp
[1.784s] -- Symlinking: /home/zzy/quadruped_ros2_control/ros2_ws_classic/install/control_input_msgs/include/control_input_msgs/control_input_msgs/msg/rosidl_generator_cpp__visibility_control.hpp
[1.789s] -- Symlinking: /home/zzy/quadruped_ros2_control/ros2_ws_classic/install/control_input_msgs/include/control_input_msgs/control_input_msgs/msg/detail/inputs__rosidl_typesupport_fastrtps_cpp.hpp
[1.794s] -- Symlinking: /home/zzy/quadruped_ros2_control/ros2_ws_classic/install/control_input_msgs/include/control_input_msgs/control_input_msgs/msg/rosidl_typesupport_fastrtps_cpp__visibility_control.h
[1.798s] -- Symlinking: /home/zzy/quadruped_ros2_control/ros2_ws_classic/install/control_input_msgs/include/control_input_msgs/control_input_msgs/msg/detail/inputs__rosidl_typesupport_introspection_cpp.hpp
[1.802s] -- Symlinking: /home/zzy/quadruped_ros2_control/ros2_ws_classic/install/control_input_msgs/share/control_input_msgs/environment/pythonpath.sh
[1.807s] -- Symlinking: /home/zzy/quadruped_ros2_control/ros2_ws_classic/install/control_input_msgs/share/control_input_msgs/environment/pythonpath.dsv
[1.813s] -- Symlinking: /home/zzy/quadruped_ros2_control/ros2_ws_classic/install/control_input_msgs/local/lib/python3.10/dist-packages/control_input_msgs-0.0.0-py3.10.egg-info/PKG-INFO
[1.818s] -- Symlinking: /home/zzy/quadruped_ros2_control/ros2_ws_classic/install/control_input_msgs/local/lib/python3.10/dist-packages/control_input_msgs-0.0.0-py3.10.egg-info/SOURCES.txt
[1.823s] -- Symlinking: /home/zzy/quadruped_ros2_control/ros2_ws_classic/install/control_input_msgs/local/lib/python3.10/dist-packages/control_input_msgs-0.0.0-py3.10.egg-info/dependency_links.txt
[1.827s] -- Symlinking: /home/zzy/quadruped_ros2_control/ros2_ws_classic/install/control_input_msgs/local/lib/python3.10/dist-packages/control_input_msgs-0.0.0-py3.10.egg-info/top_level.txt
[1.832s] -- Symlinking: /home/zzy/quadruped_ros2_control/ros2_ws_classic/install/control_input_msgs/local/lib/python3.10/dist-packages/control_input_msgs/__init__.py
[1.836s] -- Symlinking: /home/zzy/quadruped_ros2_control/ros2_ws_classic/install/control_input_msgs/local/lib/python3.10/dist-packages/control_input_msgs/_control_input_msgs_s.ep.rosidl_typesupport_c.c
[1.842s] -- Symlinking: /home/zzy/quadruped_ros2_control/ros2_ws_classic/install/control_input_msgs/local/lib/python3.10/dist-packages/control_input_msgs/_control_input_msgs_s.ep.rosidl_typesupport_fastrtps_c.c
[1.846s] -- Symlinking: /home/zzy/quadruped_ros2_control/ros2_ws_classic/install/control_input_msgs/local/lib/python3.10/dist-packages/control_input_msgs/_control_input_msgs_s.ep.rosidl_typesupport_introspection_c.c
[1.851s] -- Symlinking: /home/zzy/quadruped_ros2_control/ros2_ws_classic/install/control_input_msgs/local/lib/python3.10/dist-packages/control_input_msgs/control_input_msgs_s__rosidl_typesupport_c.cpython-310-x86_64-linux-gnu.so
[1.855s] -- Symlinking: /home/zzy/quadruped_ros2_control/ros2_ws_classic/install/control_input_msgs/local/lib/python3.10/dist-packages/control_input_msgs/control_input_msgs_s__rosidl_typesupport_fastrtps_c.cpython-310-x86_64-linux-gnu.so
[1.860s] -- Symlinking: /home/zzy/quadruped_ros2_control/ros2_ws_classic/install/control_input_msgs/local/lib/python3.10/dist-packages/control_input_msgs/control_input_msgs_s__rosidl_typesupport_introspection_c.cpython-310-x86_64-linux-gnu.so
[1.864s] -- Symlinking: /home/zzy/quadruped_ros2_control/ros2_ws_classic/install/control_input_msgs/local/lib/python3.10/dist-packages/control_input_msgs/libcontrol_input_msgs__rosidl_generator_py.so
[1.869s] -- Symlinking: /home/zzy/quadruped_ros2_control/ros2_ws_classic/install/control_input_msgs/local/lib/python3.10/dist-packages/control_input_msgs/msg/__init__.py
[1.873s] -- Symlinking: /home/zzy/quadruped_ros2_control/ros2_ws_classic/install/control_input_msgs/local/lib/python3.10/dist-packages/control_input_msgs/msg/_inputs.py
[1.877s] -- Symlinking: /home/zzy/quadruped_ros2_control/ros2_ws_classic/install/control_input_msgs/local/lib/python3.10/dist-packages/control_input_msgs/msg/_inputs_s.c
[1.883s] -- Up-to-date symlink: /home/zzy/quadruped_ros2_control/ros2_ws_classic/install/control_input_msgs/local/lib/python3.10/dist-packages/control_input_msgs/control_input_msgs_s__rosidl_typesupport_fastrtps_c.cpython-310-x86_64-linux-gnu.so
[1.883s] -- Up-to-date symlink: /home/zzy/quadruped_ros2_control/ros2_ws_classic/install/control_input_msgs/local/lib/python3.10/dist-packages/control_input_msgs/control_input_msgs_s__rosidl_typesupport_introspection_c.cpython-310-x86_64-linux-gnu.so
[1.883s] -- Up-to-date symlink: /home/zzy/quadruped_ros2_control/ros2_ws_classic/install/control_input_msgs/local/lib/python3.10/dist-packages/control_input_msgs/control_input_msgs_s__rosidl_typesupport_c.cpython-310-x86_64-linux-gnu.so
[1.883s] -- Symlinking: /home/zzy/quadruped_ros2_control/ros2_ws_classic/install/control_input_msgs/share/control_input_msgs/msg/Inputs.idl
[1.887s] -- Symlinking: /home/zzy/quadruped_ros2_control/ros2_ws_classic/install/control_input_msgs/share/control_input_msgs/msg/Inputs.msg
[1.891s] -- Symlinking: /home/zzy/quadruped_ros2_control/ros2_ws_classic/install/control_input_msgs/share/ament_index/resource_index/package_run_dependencies/control_input_msgs
[1.895s] -- Symlinking: /home/zzy/quadruped_ros2_control/ros2_ws_classic/install/control_input_msgs/share/ament_index/resource_index/parent_prefix_path/control_input_msgs
[1.899s] -- Symlinking: /home/zzy/quadruped_ros2_control/ros2_ws_classic/install/control_input_msgs/share/control_input_msgs/environment/ament_prefix_path.sh
[1.904s] -- Symlinking: /home/zzy/quadruped_ros2_control/ros2_ws_classic/install/control_input_msgs/share/control_input_msgs/environment/ament_prefix_path.dsv
[1.909s] -- Symlinking: /home/zzy/quadruped_ros2_control/ros2_ws_classic/install/control_input_msgs/share/control_input_msgs/environment/path.sh
[1.915s] -- Symlinking: /home/zzy/quadruped_ros2_control/ros2_ws_classic/install/control_input_msgs/share/control_input_msgs/environment/path.dsv
[1.920s] -- Symlinking: /home/zzy/quadruped_ros2_control/ros2_ws_classic/install/control_input_msgs/share/control_input_msgs/local_setup.bash
[1.924s] -- Symlinking: /home/zzy/quadruped_ros2_control/ros2_ws_classic/install/control_input_msgs/share/control_input_msgs/local_setup.sh
[1.929s] -- Symlinking: /home/zzy/quadruped_ros2_control/ros2_ws_classic/install/control_input_msgs/share/control_input_msgs/local_setup.zsh
[1.934s] -- Symlinking: /home/zzy/quadruped_ros2_control/ros2_ws_classic/install/control_input_msgs/share/control_input_msgs/local_setup.dsv
[1.939s] -- Symlinking: /home/zzy/quadruped_ros2_control/ros2_ws_classic/install/control_input_msgs/share/control_input_msgs/package.dsv
[1.943s] -- Symlinking: /home/zzy/quadruped_ros2_control/ros2_ws_classic/install/control_input_msgs/share/ament_index/resource_index/packages/control_input_msgs
[1.947s] -- Symlinking: /home/zzy/quadruped_ros2_control/ros2_ws_classic/install/control_input_msgs/share/control_input_msgs/cmake/rosidl_cmake-extras.cmake
[1.952s] -- Symlinking: /home/zzy/quadruped_ros2_control/ros2_ws_classic/install/control_input_msgs/share/control_input_msgs/cmake/ament_cmake_export_include_directories-extras.cmake
[1.956s] -- Symlinking: /home/zzy/quadruped_ros2_control/ros2_ws_classic/install/control_input_msgs/share/control_input_msgs/cmake/ament_cmake_export_libraries-extras.cmake
[1.960s] -- Symlinking: /home/zzy/quadruped_ros2_control/ros2_ws_classic/install/control_input_msgs/share/control_input_msgs/cmake/ament_cmake_export_targets-extras.cmake
[1.965s] -- Symlinking: /home/zzy/quadruped_ros2_control/ros2_ws_classic/install/control_input_msgs/share/control_input_msgs/cmake/rosidl_cmake_export_typesupport_targets-extras.cmake
[1.970s] -- Symlinking: /home/zzy/quadruped_ros2_control/ros2_ws_classic/install/control_input_msgs/share/control_input_msgs/cmake/ament_cmake_export_dependencies-extras.cmake
[1.974s] -- Symlinking: /home/zzy/quadruped_ros2_control/ros2_ws_classic/install/control_input_msgs/share/control_input_msgs/cmake/rosidl_cmake_export_typesupport_libraries-extras.cmake
[1.979s] -- Symlinking: /home/zzy/quadruped_ros2_control/ros2_ws_classic/install/control_input_msgs/share/control_input_msgs/cmake/control_input_msgsConfig.cmake
[1.984s] -- Symlinking: /home/zzy/quadruped_ros2_control/ros2_ws_classic/install/control_input_msgs/share/control_input_msgs/cmake/control_input_msgsConfig-version.cmake
[1.988s] -- Symlinking: /home/zzy/quadruped_ros2_control/ros2_ws_classic/install/control_input_msgs/share/control_input_msgs/package.xml
[1.993s] -- Installing: /home/zzy/quadruped_ros2_control/ros2_ws_classic/install/control_input_msgs/lib/libcontrol_input_msgs__rosidl_generator_c.so
[1.994s] -- Set runtime path of "/home/zzy/quadruped_ros2_control/ros2_ws_classic/install/control_input_msgs/lib/libcontrol_input_msgs__rosidl_generator_c.so" to ""
[1.994s] -- Installing: /home/zzy/quadruped_ros2_control/ros2_ws_classic/install/control_input_msgs/lib/libcontrol_input_msgs__rosidl_typesupport_fastrtps_c.so
[1.994s] -- Set runtime path of "/home/zzy/quadruped_ros2_control/ros2_ws_classic/install/control_input_msgs/lib/libcontrol_input_msgs__rosidl_typesupport_fastrtps_c.so" to ""
[1.994s] -- Installing: /home/zzy/quadruped_ros2_control/ros2_ws_classic/install/control_input_msgs/lib/libcontrol_input_msgs__rosidl_typesupport_introspection_c.so
[1.994s] -- Set runtime path of "/home/zzy/quadruped_ros2_control/ros2_ws_classic/install/control_input_msgs/lib/libcontrol_input_msgs__rosidl_typesupport_introspection_c.so" to ""
[1.994s] -- Installing: /home/zzy/quadruped_ros2_control/ros2_ws_classic/install/control_input_msgs/lib/libcontrol_input_msgs__rosidl_typesupport_c.so
[1.994s] -- Set runtime path of "/home/zzy/quadruped_ros2_control/ros2_ws_classic/install/control_input_msgs/lib/libcontrol_input_msgs__rosidl_typesupport_c.so" to ""
[1.994s] -- Installing: /home/zzy/quadruped_ros2_control/ros2_ws_classic/install/control_input_msgs/lib/libcontrol_input_msgs__rosidl_typesupport_fastrtps_cpp.so
[1.994s] -- Set runtime path of "/home/zzy/quadruped_ros2_control/ros2_ws_classic/install/control_input_msgs/lib/libcontrol_input_msgs__rosidl_typesupport_fastrtps_cpp.so" to ""
[1.994s] -- Installing: /home/zzy/quadruped_ros2_control/ros2_ws_classic/install/control_input_msgs/lib/libcontrol_input_msgs__rosidl_typesupport_introspection_cpp.so
[1.994s] -- Set runtime path of "/home/zzy/quadruped_ros2_control/ros2_ws_classic/install/control_input_msgs/lib/libcontrol_input_msgs__rosidl_typesupport_introspection_cpp.so" to ""
[1.994s] -- Installing: /home/zzy/quadruped_ros2_control/ros2_ws_classic/install/control_input_msgs/lib/libcontrol_input_msgs__rosidl_typesupport_cpp.so
[1.994s] -- Set runtime path of "/home/zzy/quadruped_ros2_control/ros2_ws_classic/install/control_input_msgs/lib/libcontrol_input_msgs__rosidl_typesupport_cpp.so" to ""
[2.015s] Listing '/home/zzy/quadruped_ros2_control/ros2_ws_classic/install/control_input_msgs/local/lib/python3.10/dist-packages/control_input_msgs'...
[2.015s] Compiling '/home/zzy/quadruped_ros2_control/ros2_ws_classic/install/control_input_msgs/local/lib/python3.10/dist-packages/control_input_msgs/__init__.py'...
[2.015s] Listing '/home/zzy/quadruped_ros2_control/ros2_ws_classic/install/control_input_msgs/local/lib/python3.10/dist-packages/control_input_msgs/msg'...
[2.015s] Compiling '/home/zzy/quadruped_ros2_control/ros2_ws_classic/install/control_input_msgs/local/lib/python3.10/dist-packages/control_input_msgs/msg/__init__.py'...
[2.015s] Compiling '/home/zzy/quadruped_ros2_control/ros2_ws_classic/install/control_input_msgs/local/lib/python3.10/dist-packages/control_input_msgs/msg/_inputs.py'...
[2.018s] -- Installing: /home/zzy/quadruped_ros2_control/ros2_ws_classic/install/control_input_msgs/lib/libcontrol_input_msgs__rosidl_generator_py.so
[2.018s] -- Set runtime path of "/home/zzy/quadruped_ros2_control/ros2_ws_classic/install/control_input_msgs/lib/libcontrol_input_msgs__rosidl_generator_py.so" to ""
[2.018s] -- Installing: /home/zzy/quadruped_ros2_control/ros2_ws_classic/install/control_input_msgs/share/control_input_msgs/cmake/export_control_input_msgs__rosidl_generator_cExport.cmake
[2.018s] -- Installing: /home/zzy/quadruped_ros2_control/ros2_ws_classic/install/control_input_msgs/share/control_input_msgs/cmake/export_control_input_msgs__rosidl_generator_cExport-noconfig.cmake
[2.018s] -- Installing: /home/zzy/quadruped_ros2_control/ros2_ws_classic/install/control_input_msgs/share/control_input_msgs/cmake/export_control_input_msgs__rosidl_typesupport_fastrtps_cExport.cmake
[2.018s] -- Installing: /home/zzy/quadruped_ros2_control/ros2_ws_classic/install/control_input_msgs/share/control_input_msgs/cmake/export_control_input_msgs__rosidl_typesupport_fastrtps_cExport-noconfig.cmake
[2.018s] -- Installing: /home/zzy/quadruped_ros2_control/ros2_ws_classic/install/control_input_msgs/share/control_input_msgs/cmake/control_input_msgs__rosidl_typesupport_introspection_cExport.cmake
[2.018s] -- Installing: /home/zzy/quadruped_ros2_control/ros2_ws_classic/install/control_input_msgs/share/control_input_msgs/cmake/control_input_msgs__rosidl_typesupport_introspection_cExport-noconfig.cmake
[2.018s] -- Installing: /home/zzy/quadruped_ros2_control/ros2_ws_classic/install/control_input_msgs/share/control_input_msgs/cmake/control_input_msgs__rosidl_typesupport_cExport.cmake
[2.018s] -- Installing: /home/zzy/quadruped_ros2_control/ros2_ws_classic/install/control_input_msgs/share/control_input_msgs/cmake/control_input_msgs__rosidl_typesupport_cExport-noconfig.cmake
[2.018s] -- Installing: /home/zzy/quadruped_ros2_control/ros2_ws_classic/install/control_input_msgs/share/control_input_msgs/cmake/export_control_input_msgs__rosidl_generator_cppExport.cmake
[2.018s] -- Installing: /home/zzy/quadruped_ros2_control/ros2_ws_classic/install/control_input_msgs/share/control_input_msgs/cmake/export_control_input_msgs__rosidl_typesupport_fastrtps_cppExport.cmake
[2.018s] -- Installing: /home/zzy/quadruped_ros2_control/ros2_ws_classic/install/control_input_msgs/share/control_input_msgs/cmake/export_control_input_msgs__rosidl_typesupport_fastrtps_cppExport-noconfig.cmake
[2.018s] -- Installing: /home/zzy/quadruped_ros2_control/ros2_ws_classic/install/control_input_msgs/share/control_input_msgs/cmake/control_input_msgs__rosidl_typesupport_introspection_cppExport.cmake
[2.018s] -- Installing: /home/zzy/quadruped_ros2_control/ros2_ws_classic/install/control_input_msgs/share/control_input_msgs/cmake/control_input_msgs__rosidl_typesupport_introspection_cppExport-noconfig.cmake
[2.018s] -- Installing: /home/zzy/quadruped_ros2_control/ros2_ws_classic/install/control_input_msgs/share/control_input_msgs/cmake/control_input_msgs__rosidl_typesupport_cppExport.cmake
[2.018s] -- Installing: /home/zzy/quadruped_ros2_control/ros2_ws_classic/install/control_input_msgs/share/control_input_msgs/cmake/control_input_msgs__rosidl_typesupport_cppExport-noconfig.cmake
[2.018s] -- Installing: /home/zzy/quadruped_ros2_control/ros2_ws_classic/install/control_input_msgs/share/control_input_msgs/cmake/export_control_input_msgs__rosidl_generator_pyExport.cmake
[2.018s] -- Installing: /home/zzy/quadruped_ros2_control/ros2_ws_classic/install/control_input_msgs/share/control_input_msgs/cmake/export_control_input_msgs__rosidl_generator_pyExport-noconfig.cmake
[2.020s] Invoked command in '/home/zzy/quadruped_ros2_control/ros2_ws_classic/build/control_input_msgs' returned '0': CMAKE_PREFIX_PATH=${CMAKE_PREFIX_PATH}:/opt/ros/humble /usr/bin/cmake --install /home/zzy/quadruped_ros2_control/ros2_ws_classic/build/control_input_msgs
