[0.044s] DEBUG:colcon:Command line arguments: ['/usr/bin/colcon', 'build', '--packages-select', 'keyboard_input', '--cmake-target', 'keyboard_input']
[0.044s] DEBUG:colcon:Parsed command line arguments: Namespace(log_base=None, log_level=None, verb_name='build', build_base='build', install_base='install', merge_install=False, symlink_install=False, test_result_base=None, continue_on_error=False, executor='parallel', parallel_workers=32, event_handlers=None, ignore_user_meta=False, metas=['./colcon.meta'], base_paths=['.'], packages_ignore=None, packages_ignore_regex=None, paths=None, packages_up_to=None, packages_up_to_regex=None, packages_above=None, packages_above_and_dependencies=None, packages_above_depth=None, packages_select_by_dep=None, packages_skip_by_dep=None, packages_skip_up_to=None, packages_select_build_failed=False, packages_skip_build_finished=False, packages_select_test_failures=False, packages_skip_test_passed=False, packages_select=['keyboard_input'], packages_skip=None, packages_select_regex=None, packages_skip_regex=None, packages_start=None, packages_end=None, allow_overriding=[], cmake_args=None, cmake_target='keyboard_input', cmake_target_skip_unavailable=False, cmake_clean_cache=False, cmake_clean_first=False, cmake_force_configure=False, ament_cmake_args=None, catkin_cmake_args=None, catkin_skip_building_tests=False, verb_parser=<colcon_defaults.argument_parser.defaults.DefaultArgumentsDecorator object at 0x761e94f5d180>, verb_extension=<colcon_core.verb.build.BuildVerb object at 0x761e94f5cd30>, main=<bound method BuildVerb.main of <colcon_core.verb.build.BuildVerb object at 0x761e94f5cd30>>)
[0.110s] Level 1:colcon.colcon_core.package_discovery:discover_packages(colcon_meta) check parameters
[0.110s] Level 1:colcon.colcon_core.package_discovery:discover_packages(recursive) check parameters
[0.110s] Level 1:colcon.colcon_core.package_discovery:discover_packages(ignore) check parameters
[0.110s] Level 1:colcon.colcon_core.package_discovery:discover_packages(path) check parameters
[0.110s] Level 1:colcon.colcon_core.package_discovery:discover_packages(colcon_meta) discover
[0.110s] Level 1:colcon.colcon_core.package_discovery:discover_packages(recursive) discover
[0.110s] INFO:colcon.colcon_core.package_discovery:Crawling recursively for packages in '/home/zzy/quadruped_ros2_control/ros2_ws_classic'
[0.110s] Level 1:colcon.colcon_core.package_identification:_identify(.) by extensions ['ignore', 'ignore_ament_install']
[0.110s] Level 1:colcon.colcon_core.package_identification:_identify(.) by extension 'ignore'
[0.110s] Level 1:colcon.colcon_core.package_identification:_identify(.) by extension 'ignore_ament_install'
[0.110s] Level 1:colcon.colcon_core.package_identification:_identify(.) by extensions ['colcon_pkg']
[0.110s] Level 1:colcon.colcon_core.package_identification:_identify(.) by extension 'colcon_pkg'
[0.110s] Level 1:colcon.colcon_core.package_identification:_identify(.) by extensions ['colcon_meta']
[0.110s] Level 1:colcon.colcon_core.package_identification:_identify(.) by extension 'colcon_meta'
[0.110s] Level 1:colcon.colcon_core.package_identification:_identify(.) by extensions ['ros']
[0.110s] Level 1:colcon.colcon_core.package_identification:_identify(.) by extension 'ros'
[0.115s] Level 1:colcon.colcon_core.package_identification:_identify(.) by extensions ['cmake', 'python']
[0.115s] Level 1:colcon.colcon_core.package_identification:_identify(.) by extension 'cmake'
[0.115s] Level 1:colcon.colcon_core.package_identification:_identify(.) by extension 'python'
[0.115s] Level 1:colcon.colcon_core.package_identification:_identify(.) by extensions ['python_setup_py']
[0.115s] Level 1:colcon.colcon_core.package_identification:_identify(.) by extension 'python_setup_py'
[0.115s] Level 1:colcon.colcon_core.package_identification:_identify(build) by extensions ['ignore', 'ignore_ament_install']
[0.115s] Level 1:colcon.colcon_core.package_identification:_identify(build) by extension 'ignore'
[0.115s] Level 1:colcon.colcon_core.package_identification:_identify(build) ignored
[0.115s] Level 1:colcon.colcon_core.package_identification:_identify(install) by extensions ['ignore', 'ignore_ament_install']
[0.115s] Level 1:colcon.colcon_core.package_identification:_identify(install) by extension 'ignore'
[0.115s] Level 1:colcon.colcon_core.package_identification:_identify(install) ignored
[0.115s] Level 1:colcon.colcon_core.package_identification:_identify(log) by extensions ['ignore', 'ignore_ament_install']
[0.115s] Level 1:colcon.colcon_core.package_identification:_identify(log) by extension 'ignore'
[0.115s] Level 1:colcon.colcon_core.package_identification:_identify(log) ignored
[0.115s] Level 1:colcon.colcon_core.package_identification:_identify(src) by extensions ['ignore', 'ignore_ament_install']
[0.115s] Level 1:colcon.colcon_core.package_identification:_identify(src) by extension 'ignore'
[0.115s] Level 1:colcon.colcon_core.package_identification:_identify(src) by extension 'ignore_ament_install'
[0.115s] Level 1:colcon.colcon_core.package_identification:_identify(src) by extensions ['colcon_pkg']
[0.115s] Level 1:colcon.colcon_core.package_identification:_identify(src) by extension 'colcon_pkg'
[0.115s] Level 1:colcon.colcon_core.package_identification:_identify(src) by extensions ['colcon_meta']
[0.115s] Level 1:colcon.colcon_core.package_identification:_identify(src) by extension 'colcon_meta'
[0.116s] Level 1:colcon.colcon_core.package_identification:_identify(src) by extensions ['ros']
[0.116s] Level 1:colcon.colcon_core.package_identification:_identify(src) by extension 'ros'
[0.116s] Level 1:colcon.colcon_core.package_identification:_identify(src) by extensions ['cmake', 'python']
[0.116s] Level 1:colcon.colcon_core.package_identification:_identify(src) by extension 'cmake'
[0.116s] Level 1:colcon.colcon_core.package_identification:_identify(src) by extension 'python'
[0.116s] Level 1:colcon.colcon_core.package_identification:_identify(src) by extensions ['python_setup_py']
[0.116s] Level 1:colcon.colcon_core.package_identification:_identify(src) by extension 'python_setup_py'
[0.116s] Level 1:colcon.colcon_core.package_identification:_identify(src/control_input_msgs) by extensions ['ignore', 'ignore_ament_install']
[0.116s] Level 1:colcon.colcon_core.package_identification:_identify(src/control_input_msgs) by extension 'ignore'
[0.116s] Level 1:colcon.colcon_core.package_identification:_identify(src/control_input_msgs) by extension 'ignore_ament_install'
[0.116s] Level 1:colcon.colcon_core.package_identification:_identify(src/control_input_msgs) by extensions ['colcon_pkg']
[0.116s] Level 1:colcon.colcon_core.package_identification:_identify(src/control_input_msgs) by extension 'colcon_pkg'
[0.116s] Level 1:colcon.colcon_core.package_identification:_identify(src/control_input_msgs) by extensions ['colcon_meta']
[0.116s] Level 1:colcon.colcon_core.package_identification:_identify(src/control_input_msgs) by extension 'colcon_meta'
[0.116s] Level 1:colcon.colcon_core.package_identification:_identify(src/control_input_msgs) by extensions ['ros']
[0.116s] Level 1:colcon.colcon_core.package_identification:_identify(src/control_input_msgs) by extension 'ros'
[0.117s] DEBUG:colcon.colcon_core.package_identification:Package 'src/control_input_msgs' with type 'ros.ament_cmake' and name 'control_input_msgs'
[0.117s] Level 1:colcon.colcon_core.package_identification:_identify(src/controller_common) by extensions ['ignore', 'ignore_ament_install']
[0.117s] Level 1:colcon.colcon_core.package_identification:_identify(src/controller_common) by extension 'ignore'
[0.117s] Level 1:colcon.colcon_core.package_identification:_identify(src/controller_common) by extension 'ignore_ament_install'
[0.117s] Level 1:colcon.colcon_core.package_identification:_identify(src/controller_common) by extensions ['colcon_pkg']
[0.117s] Level 1:colcon.colcon_core.package_identification:_identify(src/controller_common) by extension 'colcon_pkg'
[0.117s] Level 1:colcon.colcon_core.package_identification:_identify(src/controller_common) by extensions ['colcon_meta']
[0.117s] Level 1:colcon.colcon_core.package_identification:_identify(src/controller_common) by extension 'colcon_meta'
[0.117s] Level 1:colcon.colcon_core.package_identification:_identify(src/controller_common) by extensions ['ros']
[0.117s] Level 1:colcon.colcon_core.package_identification:_identify(src/controller_common) by extension 'ros'
[0.117s] DEBUG:colcon.colcon_core.package_identification:Package 'src/controller_common' with type 'ros.ament_cmake' and name 'controller_common'
[0.117s] Level 1:colcon.colcon_core.package_identification:_identify(src/go1_description) by extensions ['ignore', 'ignore_ament_install']
[0.117s] Level 1:colcon.colcon_core.package_identification:_identify(src/go1_description) by extension 'ignore'
[0.118s] Level 1:colcon.colcon_core.package_identification:_identify(src/go1_description) by extension 'ignore_ament_install'
[0.118s] Level 1:colcon.colcon_core.package_identification:_identify(src/go1_description) by extensions ['colcon_pkg']
[0.118s] Level 1:colcon.colcon_core.package_identification:_identify(src/go1_description) by extension 'colcon_pkg'
[0.118s] Level 1:colcon.colcon_core.package_identification:_identify(src/go1_description) by extensions ['colcon_meta']
[0.118s] Level 1:colcon.colcon_core.package_identification:_identify(src/go1_description) by extension 'colcon_meta'
[0.118s] Level 1:colcon.colcon_core.package_identification:_identify(src/go1_description) by extensions ['ros']
[0.118s] Level 1:colcon.colcon_core.package_identification:_identify(src/go1_description) by extension 'ros'
[0.118s] DEBUG:colcon.colcon_core.package_identification:Package 'src/go1_description' with type 'ros.ament_cmake' and name 'go1_description'
[0.118s] Level 1:colcon.colcon_core.package_identification:_identify(src/keyboard_input) by extensions ['ignore', 'ignore_ament_install']
[0.118s] Level 1:colcon.colcon_core.package_identification:_identify(src/keyboard_input) by extension 'ignore'
[0.118s] Level 1:colcon.colcon_core.package_identification:_identify(src/keyboard_input) by extension 'ignore_ament_install'
[0.118s] Level 1:colcon.colcon_core.package_identification:_identify(src/keyboard_input) by extensions ['colcon_pkg']
[0.118s] Level 1:colcon.colcon_core.package_identification:_identify(src/keyboard_input) by extension 'colcon_pkg'
[0.118s] Level 1:colcon.colcon_core.package_identification:_identify(src/keyboard_input) by extensions ['colcon_meta']
[0.118s] Level 1:colcon.colcon_core.package_identification:_identify(src/keyboard_input) by extension 'colcon_meta'
[0.118s] Level 1:colcon.colcon_core.package_identification:_identify(src/keyboard_input) by extensions ['ros']
[0.118s] Level 1:colcon.colcon_core.package_identification:_identify(src/keyboard_input) by extension 'ros'
[0.118s] DEBUG:colcon.colcon_core.package_identification:Package 'src/keyboard_input' with type 'ros.ament_cmake' and name 'keyboard_input'
[0.118s] Level 1:colcon.colcon_core.package_identification:_identify(src/leg_pd_controller) by extensions ['ignore', 'ignore_ament_install']
[0.118s] Level 1:colcon.colcon_core.package_identification:_identify(src/leg_pd_controller) by extension 'ignore'
[0.118s] Level 1:colcon.colcon_core.package_identification:_identify(src/leg_pd_controller) by extension 'ignore_ament_install'
[0.118s] Level 1:colcon.colcon_core.package_identification:_identify(src/leg_pd_controller) by extensions ['colcon_pkg']
[0.118s] Level 1:colcon.colcon_core.package_identification:_identify(src/leg_pd_controller) by extension 'colcon_pkg'
[0.118s] Level 1:colcon.colcon_core.package_identification:_identify(src/leg_pd_controller) by extensions ['colcon_meta']
[0.118s] Level 1:colcon.colcon_core.package_identification:_identify(src/leg_pd_controller) by extension 'colcon_meta'
[0.118s] Level 1:colcon.colcon_core.package_identification:_identify(src/leg_pd_controller) by extensions ['ros']
[0.118s] Level 1:colcon.colcon_core.package_identification:_identify(src/leg_pd_controller) by extension 'ros'
[0.119s] DEBUG:colcon.colcon_core.package_identification:Package 'src/leg_pd_controller' with type 'ros.ament_cmake' and name 'leg_pd_controller'
[0.119s] Level 1:colcon.colcon_core.package_identification:_identify(src/unitree_guide_controller) by extensions ['ignore', 'ignore_ament_install']
[0.119s] Level 1:colcon.colcon_core.package_identification:_identify(src/unitree_guide_controller) by extension 'ignore'
[0.119s] Level 1:colcon.colcon_core.package_identification:_identify(src/unitree_guide_controller) by extension 'ignore_ament_install'
[0.119s] Level 1:colcon.colcon_core.package_identification:_identify(src/unitree_guide_controller) by extensions ['colcon_pkg']
[0.119s] Level 1:colcon.colcon_core.package_identification:_identify(src/unitree_guide_controller) by extension 'colcon_pkg'
[0.119s] Level 1:colcon.colcon_core.package_identification:_identify(src/unitree_guide_controller) by extensions ['colcon_meta']
[0.119s] Level 1:colcon.colcon_core.package_identification:_identify(src/unitree_guide_controller) by extension 'colcon_meta'
[0.119s] Level 1:colcon.colcon_core.package_identification:_identify(src/unitree_guide_controller) by extensions ['ros']
[0.119s] Level 1:colcon.colcon_core.package_identification:_identify(src/unitree_guide_controller) by extension 'ros'
[0.119s] DEBUG:colcon.colcon_core.package_identification:Package 'src/unitree_guide_controller' with type 'ros.ament_cmake' and name 'unitree_guide_controller'
[0.119s] Level 1:colcon.colcon_core.package_discovery:discover_packages(recursive) using defaults
[0.119s] Level 1:colcon.colcon_core.package_discovery:discover_packages(ignore) discover
[0.119s] Level 1:colcon.colcon_core.package_discovery:discover_packages(ignore) using defaults
[0.119s] Level 1:colcon.colcon_core.package_discovery:discover_packages(path) discover
[0.119s] Level 1:colcon.colcon_core.package_discovery:discover_packages(path) using defaults
[0.132s] INFO:colcon.colcon_core.package_selection:Skipping not selected package 'control_input_msgs' in 'src/control_input_msgs'
[0.132s] INFO:colcon.colcon_core.package_selection:Skipping not selected package 'go1_description' in 'src/go1_description'
[0.132s] INFO:colcon.colcon_core.package_selection:Skipping not selected package 'leg_pd_controller' in 'src/leg_pd_controller'
[0.132s] INFO:colcon.colcon_core.package_selection:Skipping not selected package 'controller_common' in 'src/controller_common'
[0.132s] INFO:colcon.colcon_core.package_selection:Skipping not selected package 'unitree_guide_controller' in 'src/unitree_guide_controller'
[0.132s] Level 1:colcon.colcon_core.package_discovery:discover_packages(prefix_path) check parameters
[0.132s] Level 1:colcon.colcon_core.package_discovery:discover_packages(prefix_path) discover
[0.133s] DEBUG:colcon.colcon_installed_package_information.package_discovery:Found 6 installed packages in /home/zzy/quadruped_ros2_control/ros2_ws_classic/install
[0.134s] DEBUG:colcon.colcon_installed_package_information.package_discovery:Found 304 installed packages in /opt/ros/humble
[0.134s] Level 1:colcon.colcon_core.package_discovery:discover_packages(prefix_path) using defaults
[0.150s] Level 5:colcon.colcon_core.verb:set package 'keyboard_input' build argument 'cmake_args' from command line to 'None'
[0.150s] Level 5:colcon.colcon_core.verb:set package 'keyboard_input' build argument 'cmake_target' from command line to 'keyboard_input'
[0.150s] Level 5:colcon.colcon_core.verb:set package 'keyboard_input' build argument 'cmake_target_skip_unavailable' from command line to 'False'
[0.150s] Level 5:colcon.colcon_core.verb:set package 'keyboard_input' build argument 'cmake_clean_cache' from command line to 'False'
[0.150s] Level 5:colcon.colcon_core.verb:set package 'keyboard_input' build argument 'cmake_clean_first' from command line to 'False'
[0.150s] Level 5:colcon.colcon_core.verb:set package 'keyboard_input' build argument 'cmake_force_configure' from command line to 'False'
[0.150s] Level 5:colcon.colcon_core.verb:set package 'keyboard_input' build argument 'ament_cmake_args' from command line to 'None'
[0.150s] Level 5:colcon.colcon_core.verb:set package 'keyboard_input' build argument 'catkin_cmake_args' from command line to 'None'
[0.150s] Level 5:colcon.colcon_core.verb:set package 'keyboard_input' build argument 'catkin_skip_building_tests' from command line to 'False'
[0.150s] DEBUG:colcon.colcon_core.verb:Building package 'keyboard_input' with the following arguments: {'ament_cmake_args': None, 'build_base': '/home/zzy/quadruped_ros2_control/ros2_ws_classic/build/keyboard_input', 'catkin_cmake_args': None, 'catkin_skip_building_tests': False, 'cmake_args': None, 'cmake_clean_cache': False, 'cmake_clean_first': False, 'cmake_force_configure': False, 'cmake_target': 'keyboard_input', 'cmake_target_skip_unavailable': False, 'install_base': '/home/zzy/quadruped_ros2_control/ros2_ws_classic/install/keyboard_input', 'merge_install': False, 'path': '/home/zzy/quadruped_ros2_control/ros2_ws_classic/src/keyboard_input', 'symlink_install': False, 'test_result_base': None}
[0.150s] INFO:colcon.colcon_core.executor:Executing jobs using 'parallel' executor
[0.150s] DEBUG:colcon.colcon_parallel_executor.executor.parallel:run_until_complete
[0.150s] INFO:colcon.colcon_ros.task.ament_cmake.build:Building ROS package in '/home/zzy/quadruped_ros2_control/ros2_ws_classic/src/keyboard_input' with build type 'ament_cmake'
[0.151s] INFO:colcon.colcon_cmake.task.cmake.build:Building CMake package in '/home/zzy/quadruped_ros2_control/ros2_ws_classic/src/keyboard_input'
[0.151s] INFO:colcon.colcon_core.plugin_system:Skipping extension 'colcon_core.shell.bat': Not used on non-Windows systems
[0.152s] INFO:colcon.colcon_core.shell:Skip shell extension 'powershell' for command environment: Not usable outside of PowerShell
[0.152s] DEBUG:colcon.colcon_core.shell:Skip shell extension 'dsv' for command environment
[0.158s] DEBUG:colcon.colcon_core.event_handler.log_command:Invoking command in '/home/zzy/quadruped_ros2_control/ros2_ws_classic/build/keyboard_input': CMAKE_PREFIX_PATH=/home/zzy/quadruped_ros2_control/ros2_ws_classic/install/control_input_msgs:/home/zzy/quadruped_ros2_control/ros2_ws_classic/install/unitree_guide_controller:/home/zzy/quadruped_ros2_control/ros2_ws_classic/install/leg_pd_controller:/home/zzy/quadruped_ros2_control/ros2_ws_classic/install/keyboard_input:/home/zzy/quadruped_ros2_control/ros2_ws_classic/install/go1_description:/home/zzy/quadruped_ros2_control/ros2_ws_classic/install/controller_common:/opt/ros/humble LD_LIBRARY_PATH=/home/zzy/quadruped_ros2_control/ros2_ws_classic/install/control_input_msgs/lib:/home/zzy/quadruped_ros2_control/ros2_ws_classic/install/unitree_guide_controller/lib:/home/zzy/quadruped_ros2_control/ros2_ws_classic/install/leg_pd_controller/lib:/home/zzy/quadruped_ros2_control/ros2_ws_classic/install/controller_common/lib:/usr/hyz/miniconda3/envs/zzy/lib/:/usr/lib/x86_64-linux-gnu:/usr/local/cuda/lib64:/home/zzy/miniconda3/envs/zzy/lib:/opt/ros/humble/opt/rviz_ogre_vendor/lib:/opt/ros/humble/lib/x86_64-linux-gnu:/opt/ros/humble/lib:/usr/hyz/miniconda3/envs/zzy/lib/:/usr/lib/x86_64-linux-gnu:/usr/local/cuda/lib64:/home/zzy/miniconda3/envs/zzy/lib:/home/.mujoco/mujoco210/bin:/home/.mujoco/mujoco210/bin /usr/bin/cmake --build /home/zzy/quadruped_ros2_control/ros2_ws_classic/build/keyboard_input --target keyboard_input -- -j32 -l32
[2.173s] Level 1:colcon.colcon_core.environment:create_environment_scripts_only(keyboard_input)
[2.174s] DEBUG:colcon.colcon_core.event_handler.log_command:Invoked command in '/home/zzy/quadruped_ros2_control/ros2_ws_classic/build/keyboard_input' returned '0': CMAKE_PREFIX_PATH=/home/zzy/quadruped_ros2_control/ros2_ws_classic/install/control_input_msgs:/home/zzy/quadruped_ros2_control/ros2_ws_classic/install/unitree_guide_controller:/home/zzy/quadruped_ros2_control/ros2_ws_classic/install/leg_pd_controller:/home/zzy/quadruped_ros2_control/ros2_ws_classic/install/keyboard_input:/home/zzy/quadruped_ros2_control/ros2_ws_classic/install/go1_description:/home/zzy/quadruped_ros2_control/ros2_ws_classic/install/controller_common:/opt/ros/humble LD_LIBRARY_PATH=/home/zzy/quadruped_ros2_control/ros2_ws_classic/install/control_input_msgs/lib:/home/zzy/quadruped_ros2_control/ros2_ws_classic/install/unitree_guide_controller/lib:/home/zzy/quadruped_ros2_control/ros2_ws_classic/install/leg_pd_controller/lib:/home/zzy/quadruped_ros2_control/ros2_ws_classic/install/controller_common/lib:/usr/hyz/miniconda3/envs/zzy/lib/:/usr/lib/x86_64-linux-gnu:/usr/local/cuda/lib64:/home/zzy/miniconda3/envs/zzy/lib:/opt/ros/humble/opt/rviz_ogre_vendor/lib:/opt/ros/humble/lib/x86_64-linux-gnu:/opt/ros/humble/lib:/usr/hyz/miniconda3/envs/zzy/lib/:/usr/lib/x86_64-linux-gnu:/usr/local/cuda/lib64:/home/zzy/miniconda3/envs/zzy/lib:/home/.mujoco/mujoco210/bin:/home/.mujoco/mujoco210/bin /usr/bin/cmake --build /home/zzy/quadruped_ros2_control/ros2_ws_classic/build/keyboard_input --target keyboard_input -- -j32 -l32
[2.175s] Level 1:colcon.colcon_core.environment:checking '/home/zzy/quadruped_ros2_control/ros2_ws_classic/install/keyboard_input' for CMake module files
[2.176s] Level 1:colcon.colcon_core.environment:checking '/home/zzy/quadruped_ros2_control/ros2_ws_classic/install/keyboard_input' for CMake config files
[2.176s] Level 1:colcon.colcon_core.shell:create_environment_hook('keyboard_input', 'cmake_prefix_path')
[2.176s] INFO:colcon.colcon_core.shell:Creating environment hook '/home/zzy/quadruped_ros2_control/ros2_ws_classic/install/keyboard_input/share/keyboard_input/hook/cmake_prefix_path.ps1'
[2.176s] INFO:colcon.colcon_core.shell:Creating environment descriptor '/home/zzy/quadruped_ros2_control/ros2_ws_classic/install/keyboard_input/share/keyboard_input/hook/cmake_prefix_path.dsv'
[2.177s] INFO:colcon.colcon_core.shell:Creating environment hook '/home/zzy/quadruped_ros2_control/ros2_ws_classic/install/keyboard_input/share/keyboard_input/hook/cmake_prefix_path.sh'
[2.177s] Level 1:colcon.colcon_core.environment:checking '/home/zzy/quadruped_ros2_control/ros2_ws_classic/install/keyboard_input/lib'
[2.178s] Level 1:colcon.colcon_core.environment:checking '/home/zzy/quadruped_ros2_control/ros2_ws_classic/install/keyboard_input/bin'
[2.178s] Level 1:colcon.colcon_core.environment:checking '/home/zzy/quadruped_ros2_control/ros2_ws_classic/install/keyboard_input/lib/pkgconfig/keyboard_input.pc'
[2.178s] Level 1:colcon.colcon_core.environment:checking '/home/zzy/quadruped_ros2_control/ros2_ws_classic/install/keyboard_input/lib/python3.10/site-packages'
[2.178s] Level 1:colcon.colcon_core.environment:checking '/home/zzy/quadruped_ros2_control/ros2_ws_classic/install/keyboard_input/bin'
[2.178s] INFO:colcon.colcon_core.shell:Creating package script '/home/zzy/quadruped_ros2_control/ros2_ws_classic/install/keyboard_input/share/keyboard_input/package.ps1'
[2.179s] INFO:colcon.colcon_core.shell:Creating package descriptor '/home/zzy/quadruped_ros2_control/ros2_ws_classic/install/keyboard_input/share/keyboard_input/package.dsv'
[2.179s] INFO:colcon.colcon_core.shell:Creating package script '/home/zzy/quadruped_ros2_control/ros2_ws_classic/install/keyboard_input/share/keyboard_input/package.sh'
[2.179s] INFO:colcon.colcon_core.shell:Creating package script '/home/zzy/quadruped_ros2_control/ros2_ws_classic/install/keyboard_input/share/keyboard_input/package.bash'
[2.180s] INFO:colcon.colcon_core.shell:Creating package script '/home/zzy/quadruped_ros2_control/ros2_ws_classic/install/keyboard_input/share/keyboard_input/package.zsh'
[2.180s] Level 1:colcon.colcon_core.environment:create_file_with_runtime_dependencies(/home/zzy/quadruped_ros2_control/ros2_ws_classic/install/keyboard_input/share/colcon-core/packages/keyboard_input)
[2.180s] Level 1:colcon.colcon_core.environment:create_environment_scripts_only(keyboard_input)
[2.180s] Level 1:colcon.colcon_core.environment:checking '/home/zzy/quadruped_ros2_control/ros2_ws_classic/install/keyboard_input' for CMake module files
[2.180s] Level 1:colcon.colcon_core.environment:checking '/home/zzy/quadruped_ros2_control/ros2_ws_classic/install/keyboard_input' for CMake config files
[2.180s] Level 1:colcon.colcon_core.shell:create_environment_hook('keyboard_input', 'cmake_prefix_path')
[2.181s] INFO:colcon.colcon_core.shell:Creating environment hook '/home/zzy/quadruped_ros2_control/ros2_ws_classic/install/keyboard_input/share/keyboard_input/hook/cmake_prefix_path.ps1'
[2.181s] INFO:colcon.colcon_core.shell:Creating environment descriptor '/home/zzy/quadruped_ros2_control/ros2_ws_classic/install/keyboard_input/share/keyboard_input/hook/cmake_prefix_path.dsv'
[2.181s] INFO:colcon.colcon_core.shell:Creating environment hook '/home/zzy/quadruped_ros2_control/ros2_ws_classic/install/keyboard_input/share/keyboard_input/hook/cmake_prefix_path.sh'
[2.181s] Level 1:colcon.colcon_core.environment:checking '/home/zzy/quadruped_ros2_control/ros2_ws_classic/install/keyboard_input/lib'
[2.181s] Level 1:colcon.colcon_core.environment:checking '/home/zzy/quadruped_ros2_control/ros2_ws_classic/install/keyboard_input/bin'
[2.181s] Level 1:colcon.colcon_core.environment:checking '/home/zzy/quadruped_ros2_control/ros2_ws_classic/install/keyboard_input/lib/pkgconfig/keyboard_input.pc'
[2.181s] Level 1:colcon.colcon_core.environment:checking '/home/zzy/quadruped_ros2_control/ros2_ws_classic/install/keyboard_input/lib/python3.10/site-packages'
[2.181s] Level 1:colcon.colcon_core.environment:checking '/home/zzy/quadruped_ros2_control/ros2_ws_classic/install/keyboard_input/bin'
[2.181s] INFO:colcon.colcon_core.shell:Creating package script '/home/zzy/quadruped_ros2_control/ros2_ws_classic/install/keyboard_input/share/keyboard_input/package.ps1'
[2.182s] INFO:colcon.colcon_core.shell:Creating package descriptor '/home/zzy/quadruped_ros2_control/ros2_ws_classic/install/keyboard_input/share/keyboard_input/package.dsv'
[2.182s] INFO:colcon.colcon_core.shell:Creating package script '/home/zzy/quadruped_ros2_control/ros2_ws_classic/install/keyboard_input/share/keyboard_input/package.sh'
[2.182s] INFO:colcon.colcon_core.shell:Creating package script '/home/zzy/quadruped_ros2_control/ros2_ws_classic/install/keyboard_input/share/keyboard_input/package.bash'
[2.182s] INFO:colcon.colcon_core.shell:Creating package script '/home/zzy/quadruped_ros2_control/ros2_ws_classic/install/keyboard_input/share/keyboard_input/package.zsh'
[2.182s] Level 1:colcon.colcon_core.environment:create_file_with_runtime_dependencies(/home/zzy/quadruped_ros2_control/ros2_ws_classic/install/keyboard_input/share/colcon-core/packages/keyboard_input)
[2.182s] DEBUG:colcon.colcon_parallel_executor.executor.parallel:closing loop
[2.183s] DEBUG:colcon.colcon_parallel_executor.executor.parallel:loop closed
[2.183s] DEBUG:colcon.colcon_parallel_executor.executor.parallel:run_until_complete finished with '0'
[2.183s] DEBUG:colcon.colcon_core.event_reactor:joining thread
[2.185s] INFO:colcon.colcon_core.plugin_system:Skipping extension 'colcon_notification.desktop_notification.terminal_notifier': Not used on non-Darwin systems
[2.185s] INFO:colcon.colcon_core.plugin_system:Skipping extension 'colcon_notification.desktop_notification.win32': Not used on non-Windows systems
[2.185s] INFO:colcon.colcon_notification.desktop_notification:Sending desktop notification using 'notify2'
[2.191s] DEBUG:colcon.colcon_core.event_reactor:joined thread
[2.192s] INFO:colcon.colcon_core.shell:Creating prefix script '/home/zzy/quadruped_ros2_control/ros2_ws_classic/install/local_setup.ps1'
[2.192s] INFO:colcon.colcon_core.shell:Creating prefix util module '/home/zzy/quadruped_ros2_control/ros2_ws_classic/install/_local_setup_util_ps1.py'
[2.193s] INFO:colcon.colcon_core.shell:Creating prefix chain script '/home/zzy/quadruped_ros2_control/ros2_ws_classic/install/setup.ps1'
[2.193s] INFO:colcon.colcon_core.shell:Creating prefix script '/home/zzy/quadruped_ros2_control/ros2_ws_classic/install/local_setup.sh'
[2.194s] INFO:colcon.colcon_core.shell:Creating prefix util module '/home/zzy/quadruped_ros2_control/ros2_ws_classic/install/_local_setup_util_sh.py'
[2.194s] INFO:colcon.colcon_core.shell:Creating prefix chain script '/home/zzy/quadruped_ros2_control/ros2_ws_classic/install/setup.sh'
[2.194s] INFO:colcon.colcon_core.shell:Creating prefix script '/home/zzy/quadruped_ros2_control/ros2_ws_classic/install/local_setup.bash'
[2.194s] INFO:colcon.colcon_core.shell:Creating prefix chain script '/home/zzy/quadruped_ros2_control/ros2_ws_classic/install/setup.bash'
[2.195s] INFO:colcon.colcon_core.shell:Creating prefix script '/home/zzy/quadruped_ros2_control/ros2_ws_classic/install/local_setup.zsh'
[2.195s] INFO:colcon.colcon_core.shell:Creating prefix chain script '/home/zzy/quadruped_ros2_control/ros2_ws_classic/install/setup.zsh'
